<?xml version="1.0" encoding="UTF-8"?>
<coverage generated="1738121241453" clover="3.2.0">
  <project timestamp="1738121241454" name="All files">
    <metrics statements="303" coveredstatements="197" conditionals="115" coveredconditionals="36" methods="82" coveredmethods="36" elements="500" coveredelements="269" complexity="0" loc="303" ncloc="303" packages="5" files="12" classes="12"/>
    <package name="src">
      <metrics statements="8" coveredstatements="8" conditionals="0" coveredconditionals="0" methods="1" coveredmethods="1"/>
      <file name="App.tsx" path="/Users/randy/Documents/dev/USN/USN_Log/src/App.tsx">
        <metrics statements="8" coveredstatements="8" conditionals="0" coveredconditionals="0" methods="1" coveredmethods="1"/>
        <line num="2" count="1" type="stmt"/>
        <line num="3" count="1" type="stmt"/>
        <line num="4" count="1" type="stmt"/>
        <line num="5" count="1" type="stmt"/>
        <line num="6" count="1" type="stmt"/>
        <line num="7" count="1" type="stmt"/>
        <line num="10" count="1" type="stmt"/>
        <line num="29" count="1" type="stmt"/>
      </file>
    </package>
    <package name="src.components">
      <metrics statements="57" coveredstatements="41" conditionals="40" coveredconditionals="23" methods="35" coveredmethods="18"/>
      <file name="CopyModal.tsx" path="/Users/randy/Documents/dev/USN/USN_Log/src/components/CopyModal.tsx">
        <metrics statements="6" coveredstatements="5" conditionals="1" coveredconditionals="1" methods="2" coveredmethods="1"/>
        <line num="2" count="1" type="stmt"/>
        <line num="4" count="1" type="stmt"/>
        <line num="10" count="2" type="stmt"/>
        <line num="12" count="2" type="stmt"/>
        <line num="14" count="2" type="cond" truecount="1" falsecount="0"/>
        <line num="16" count="0" type="stmt"/>
      </file>
      <file name="Editor.tsx" path="/Users/randy/Documents/dev/USN/USN_Log/src/components/Editor.tsx">
        <metrics statements="23" coveredstatements="14" conditionals="2" coveredconditionals="1" methods="19" coveredmethods="10"/>
        <line num="2" count="2" type="stmt"/>
        <line num="3" count="2" type="stmt"/>
        <line num="6" count="2" type="stmt"/>
        <line num="38" count="223" type="stmt"/>
        <line num="40" count="223" type="stmt"/>
        <line num="48" count="0" type="stmt"/>
        <line num="66" count="1" type="stmt"/>
        <line num="80" count="29" type="stmt"/>
        <line num="90" count="42" type="stmt"/>
        <line num="104" count="37" type="stmt"/>
        <line num="116" count="28" type="stmt"/>
        <line num="130" count="4" type="stmt"/>
        <line num="143" count="2" type="stmt"/>
        <line num="159" count="0" type="stmt"/>
        <line num="171" count="0" type="stmt"/>
        <line num="178" count="0" type="stmt"/>
        <line num="191" count="0" type="stmt"/>
        <line num="203" count="0" type="stmt"/>
        <line num="217" count="0" type="stmt"/>
        <line num="221" count="0" type="stmt"/>
        <line num="242" count="14" type="stmt"/>
        <line num="252" count="12" type="stmt"/>
        <line num="284" count="0" type="stmt"/>
      </file>
      <file name="Header.tsx" path="/Users/randy/Documents/dev/USN/USN_Log/src/components/Header.tsx">
        <metrics statements="5" coveredstatements="5" conditionals="0" coveredconditionals="0" methods="2" coveredmethods="1"/>
        <line num="2" count="1" type="stmt"/>
        <line num="4" count="1" type="stmt"/>
        <line num="5" count="2" type="stmt"/>
        <line num="6" count="2" type="stmt"/>
        <line num="8" count="2" type="stmt"/>
      </file>
      <file name="LogPreview.tsx" path="/Users/randy/Documents/dev/USN/USN_Log/src/components/LogPreview.tsx">
        <metrics statements="15" coveredstatements="12" conditionals="36" coveredconditionals="20" methods="8" coveredmethods="5"/>
        <line num="2" count="2" type="stmt"/>
        <line num="4" count="2" type="stmt"/>
        <line num="22" count="223" type="stmt"/>
        <line num="24" count="223" type="stmt"/>
        <line num="31" count="223" type="stmt"/>
        <line num="32" count="219" type="cond" truecount="1" falsecount="1"/>
        <line num="33" count="219" type="stmt"/>
        <line num="35" count="219" type="stmt"/>
        <line num="96" count="249" type="stmt"/>
        <line num="116" count="107" type="stmt"/>
        <line num="183" count="0" type="stmt"/>
        <line num="231" count="223" type="stmt"/>
        <line num="236" count="0" type="stmt"/>
        <line num="238" count="0" type="stmt"/>
        <line num="252" count="219" type="stmt"/>
      </file>
      <file name="SettingsModal.tsx" path="/Users/randy/Documents/dev/USN/USN_Log/src/components/SettingsModal.tsx">
        <metrics statements="8" coveredstatements="5" conditionals="1" coveredconditionals="1" methods="4" coveredmethods="1"/>
        <line num="2" count="1" type="stmt"/>
        <line num="4" count="1" type="stmt"/>
        <line num="13" count="2" type="stmt"/>
        <line num="15" count="2" type="stmt"/>
        <line num="17" count="2" type="cond" truecount="1" falsecount="0"/>
        <line num="19" count="0" type="stmt"/>
        <line num="28" count="0" type="stmt"/>
        <line num="42" count="0" type="stmt"/>
      </file>
    </package>
    <package name="src.context">
      <metrics statements="14" coveredstatements="13" conditionals="1" coveredconditionals="0" methods="2" coveredmethods="2"/>
      <file name="LogContext.tsx" path="/Users/randy/Documents/dev/USN/USN_Log/src/context/LogContext.tsx">
        <metrics statements="14" coveredstatements="13" conditionals="1" coveredconditionals="0" methods="2" coveredmethods="2"/>
        <line num="1" count="2" type="stmt"/>
        <line num="2" count="2" type="stmt"/>
        <line num="3" count="2" type="stmt"/>
        <line num="73" count="2" type="stmt"/>
        <line num="75" count="2" type="stmt"/>
        <line num="78" count="225" type="stmt"/>
        <line num="79" count="225" type="stmt"/>
        <line num="87" count="225" type="stmt"/>
        <line num="94" count="225" type="stmt"/>
        <line num="97" count="2" type="stmt"/>
        <line num="98" count="452" type="stmt"/>
        <line num="99" count="452" type="cond" truecount="0" falsecount="1"/>
        <line num="100" count="0" type="stmt"/>
        <line num="102" count="452" type="stmt"/>
      </file>
    </package>
    <package name="src.hooks">
      <metrics statements="192" coveredstatements="126" conditionals="70" coveredconditionals="13" methods="30" coveredmethods="13"/>
      <file name="useExport.ts" path="/Users/randy/Documents/dev/USN/USN_Log/src/hooks/useExport.ts">
        <metrics statements="38" coveredstatements="8" conditionals="6" coveredconditionals="0" methods="10" coveredmethods="1"/>
        <line num="1" count="2" type="stmt"/>
        <line num="2" count="2" type="stmt"/>
        <line num="12" count="2" type="stmt"/>
        <line num="19" count="225" type="cond" truecount="0" falsecount="1"/>
        <line num="20" count="0" type="cond" truecount="0" falsecount="2"/>
        <line num="21" count="0" type="stmt"/>
        <line num="24" count="225" type="stmt"/>
        <line num="25" count="0" type="stmt"/>
        <line num="27" count="0" type="stmt"/>
        <line num="28" count="0" type="stmt"/>
        <line num="29" count="0" type="stmt"/>
        <line num="30" count="0" type="stmt"/>
        <line num="31" count="0" type="cond" truecount="0" falsecount="1"/>
        <line num="33" count="0" type="stmt"/>
        <line num="34" count="0" type="stmt"/>
        <line num="49" count="0" type="stmt"/>
        <line num="52" count="0" type="stmt"/>
        <line num="55" count="225" type="stmt"/>
        <line num="56" count="0" type="stmt"/>
        <line num="58" count="0" type="stmt"/>
        <line num="59" count="0" type="stmt"/>
        <line num="60" count="0" type="stmt"/>
        <line num="61" count="0" type="stmt"/>
        <line num="62" count="0" type="cond" truecount="0" falsecount="1"/>
        <line num="64" count="0" type="stmt"/>
        <line num="65" count="0" type="stmt"/>
        <line num="66" count="0" type="cond" truecount="0" falsecount="1"/>
        <line num="67" count="0" type="stmt"/>
        <line num="68" count="0" type="stmt"/>
        <line num="69" count="0" type="stmt"/>
        <line num="70" count="0" type="stmt"/>
        <line num="71" count="0" type="stmt"/>
        <line num="72" count="0" type="stmt"/>
        <line num="77" count="0" type="stmt"/>
        <line num="80" count="225" type="stmt"/>
        <line num="81" count="0" type="stmt"/>
        <line num="82" count="0" type="stmt"/>
        <line num="85" count="225" type="stmt"/>
      </file>
      <file name="useLogState.ts" path="/Users/randy/Documents/dev/USN/USN_Log/src/hooks/useLogState.ts">
        <metrics statements="154" coveredstatements="118" conditionals="64" coveredconditionals="13" methods="20" coveredmethods="12"/>
        <line num="1" count="2" type="stmt"/>
        <line num="13" count="2" type="stmt"/>
        <line num="15" count="225" type="stmt"/>
        <line num="16" count="225" type="stmt"/>
        <line num="17" count="225" type="stmt"/>
        <line num="18" count="225" type="stmt"/>
        <line num="19" count="225" type="stmt"/>
        <line num="20" count="225" type="stmt"/>
        <line num="23" count="225" type="stmt"/>
        <line num="24" count="225" type="stmt"/>
        <line num="25" count="225" type="stmt"/>
        <line num="26" count="225" type="stmt"/>
        <line num="29" count="225" type="stmt"/>
        <line num="30" count="225" type="stmt"/>
        <line num="33" count="225" type="stmt"/>
        <line num="34" count="225" type="stmt"/>
        <line num="37" count="225" type="stmt"/>
        <line num="38" count="225" type="stmt"/>
        <line num="41" count="225" type="stmt"/>
        <line num="44" count="225" type="stmt"/>
        <line num="49" count="225" type="stmt"/>
        <line num="50" count="5" type="stmt"/>
        <line num="51" count="5" type="cond" truecount="1" falsecount="0"/>
        <line num="53" count="5" type="stmt"/>
        <line num="54" count="5" type="stmt"/>
        <line num="55" count="5" type="stmt"/>
        <line num="56" count="5" type="stmt"/>
        <line num="57" count="5" type="stmt"/>
        <line num="58" count="5" type="stmt"/>
        <line num="59" count="5" type="stmt"/>
        <line num="60" count="5" type="stmt"/>
        <line num="61" count="5" type="stmt"/>
        <line num="62" count="5" type="stmt"/>
        <line num="63" count="5" type="stmt"/>
        <line num="64" count="5" type="stmt"/>
        <line num="65" count="5" type="stmt"/>
        <line num="67" count="5" type="cond" truecount="1" falsecount="0"/>
        <line num="68" count="5" type="cond" truecount="1" falsecount="0"/>
        <line num="69" count="5" type="cond" truecount="0" falsecount="1"/>
        <line num="70" count="5" type="cond" truecount="0" falsecount="1"/>
        <line num="71" count="5" type="cond" truecount="1" falsecount="0"/>
        <line num="72" count="5" type="cond" truecount="0" falsecount="1"/>
        <line num="73" count="5" type="cond" truecount="0" falsecount="1"/>
        <line num="74" count="5" type="cond" truecount="0" falsecount="1"/>
        <line num="75" count="5" type="cond" truecount="1" falsecount="0"/>
        <line num="76" count="5" type="cond" truecount="1" falsecount="0"/>
        <line num="77" count="5" type="cond" truecount="1" falsecount="0"/>
        <line num="78" count="5" type="cond" truecount="1" falsecount="0"/>
        <line num="79" count="5" type="cond" truecount="1" falsecount="0"/>
        <line num="83" count="225" type="stmt"/>
        <line num="88" count="177" type="stmt"/>
        <line num="89" count="177" type="cond" truecount="0" falsecount="1"/>
        <line num="90" count="177" type="stmt"/>
        <line num="95" count="225" type="stmt"/>
        <line num="96" count="177" type="stmt"/>
        <line num="97" count="121" type="stmt"/>
        <line num="98" count="121" type="stmt"/>
        <line num="99" count="121" type="stmt"/>
        <line num="100" count="121" type="stmt"/>
        <line num="101" count="121" type="stmt"/>
        <line num="102" count="121" type="stmt"/>
        <line num="103" count="121" type="stmt"/>
        <line num="104" count="121" type="stmt"/>
        <line num="105" count="121" type="stmt"/>
        <line num="106" count="121" type="stmt"/>
        <line num="107" count="121" type="stmt"/>
        <line num="108" count="121" type="stmt"/>
        <line num="109" count="121" type="stmt"/>
        <line num="110" count="121" type="stmt"/>
        <line num="112" count="177" type="stmt"/>
        <line num="113" count="177" type="stmt"/>
        <line num="132" count="225" type="stmt"/>
        <line num="133" count="225" type="stmt"/>
        <line num="134" count="225" type="stmt"/>
        <line num="135" count="225" type="stmt"/>
        <line num="136" count="225" type="stmt"/>
        <line num="139" count="50" type="cond" truecount="1" falsecount="0"/>
        <line num="141" count="44" type="stmt"/>
        <line num="142" count="44" type="stmt"/>
        <line num="143" count="44" type="stmt"/>
        <line num="144" count="44" type="stmt"/>
        <line num="146" count="44" type="stmt"/>
        <line num="147" count="44" type="stmt"/>
        <line num="148" count="44" type="stmt"/>
        <line num="149" count="44" type="stmt"/>
        <line num="151" count="44" type="cond" truecount="1" falsecount="1"/>
        <line num="152" count="0" type="stmt"/>
        <line num="153" count="0" type="stmt"/>
        <line num="154" count="0" type="stmt"/>
        <line num="156" count="44" type="cond" truecount="0" falsecount="1"/>
        <line num="157" count="0" type="stmt"/>
        <line num="158" count="0" type="stmt"/>
        <line num="160" count="44" type="stmt"/>
        <line num="161" count="44" type="stmt"/>
        <line num="164" count="44" type="cond" truecount="0" falsecount="1"/>
        <line num="165" count="0" type="stmt"/>
        <line num="166" count="0" type="stmt"/>
        <line num="167" count="0" type="stmt"/>
        <line num="168" count="0" type="stmt"/>
        <line num="169" count="0" type="stmt"/>
        <line num="171" count="0" type="stmt"/>
        <line num="172" count="0" type="stmt"/>
        <line num="177" count="44" type="cond" truecount="1" falsecount="0"/>
        <line num="178" count="44" type="stmt"/>
        <line num="181" count="44" type="stmt"/>
        <line num="185" count="225" type="stmt"/>
        <line num="186" count="50" type="stmt"/>
        <line num="187" count="50" type="stmt"/>
        <line num="188" count="50" type="stmt"/>
        <line num="192" count="225" type="stmt"/>
        <line num="193" count="0" type="stmt"/>
        <line num="199" count="0" type="stmt"/>
        <line num="202" count="225" type="stmt"/>
        <line num="203" count="0" type="cond" truecount="0" falsecount="2"/>
        <line num="206" count="225" type="stmt"/>
        <line num="207" count="0" type="stmt"/>
        <line num="211" count="225" type="stmt"/>
        <line num="212" count="1" type="stmt"/>
        <line num="213" count="1" type="stmt"/>
        <line num="214" count="1" type="stmt"/>
        <line num="215" count="1" type="stmt"/>
        <line num="216" count="1" type="stmt"/>
        <line num="217" count="1" type="stmt"/>
        <line num="218" count="1" type="stmt"/>
        <line num="219" count="1" type="stmt"/>
        <line num="220" count="1" type="stmt"/>
        <line num="221" count="1" type="stmt"/>
        <line num="222" count="1" type="stmt"/>
        <line num="226" count="225" type="stmt"/>
        <line num="227" count="0" type="cond" truecount="0" falsecount="2"/>
        <line num="228" count="0" type="stmt"/>
        <line num="229" count="0" type="stmt"/>
        <line num="230" count="0" type="stmt"/>
        <line num="231" count="0" type="stmt"/>
        <line num="232" count="0" type="stmt"/>
        <line num="233" count="0" type="stmt"/>
        <line num="234" count="0" type="stmt"/>
        <line num="235" count="0" type="stmt"/>
        <line num="237" count="0" type="stmt"/>
        <line num="238" count="0" type="stmt"/>
        <line num="239" count="0" type="stmt"/>
        <line num="240" count="0" type="stmt"/>
        <line num="241" count="0" type="stmt"/>
        <line num="255" count="0" type="stmt"/>
        <line num="260" count="225" type="stmt"/>
        <line num="261" count="438" type="cond" truecount="1" falsecount="0"/>
        <line num="262" count="358" type="stmt"/>
        <line num="266" count="225" type="stmt"/>
        <line num="267" count="0" type="cond" truecount="0" falsecount="2"/>
        <line num="268" count="0" type="cond" truecount="0" falsecount="2"/>
        <line num="286" count="0" type="stmt"/>
        <line num="289" count="0" type="stmt"/>
        <line num="297" count="0" type="cond" truecount="0" falsecount="2"/>
        <line num="313" count="225" type="stmt"/>
      </file>
    </package>
    <package name="src.test-utils">
      <metrics statements="32" coveredstatements="9" conditionals="4" coveredconditionals="0" methods="14" coveredmethods="2"/>
      <file name="localStorage-utils.ts" path="/Users/randy/Documents/dev/USN/USN_Log/src/test-utils/localStorage-utils.ts">
        <metrics statements="16" coveredstatements="0" conditionals="4" coveredconditionals="0" methods="9" coveredmethods="0"/>
        <line num="2" count="0" type="stmt"/>
        <line num="3" count="0" type="stmt"/>
        <line num="5" count="0" type="stmt"/>
        <line num="6" count="0" type="cond" truecount="0" falsecount="2"/>
        <line num="8" count="0" type="stmt"/>
        <line num="11" count="0" type="stmt"/>
        <line num="14" count="0" type="stmt"/>
        <line num="19" count="0" type="stmt"/>
        <line num="20" count="0" type="stmt"/>
        <line num="26" count="0" type="stmt"/>
        <line num="27" count="0" type="stmt"/>
        <line num="30" count="0" type="stmt"/>
        <line num="31" count="0" type="stmt"/>
        <line num="34" count="0" type="stmt"/>
        <line num="35" count="0" type="stmt"/>
        <line num="36" count="0" type="cond" truecount="0" falsecount="2"/>
      </file>
      <file name="setupTests.ts" path="/Users/randy/Documents/dev/USN/USN_Log/src/test-utils/setupTests.ts">
        <metrics statements="7" coveredstatements="0" conditionals="0" coveredconditionals="0" methods="3" coveredmethods="0"/>
        <line num="1" count="0" type="stmt"/>
        <line num="4" count="0" type="stmt"/>
        <line num="6" count="0" type="stmt"/>
        <line num="10" count="0" type="stmt"/>
        <line num="12" count="0" type="stmt"/>
        <line num="16" count="0" type="stmt"/>
        <line num="18" count="0" type="stmt"/>
      </file>
      <file name="test-utils.tsx" path="/Users/randy/Documents/dev/USN/USN_Log/src/test-utils/test-utils.tsx">
        <metrics statements="9" coveredstatements="9" conditionals="0" coveredconditionals="0" methods="2" coveredmethods="2"/>
        <line num="2" count="2" type="stmt"/>
        <line num="3" count="2" type="stmt"/>
        <line num="4" count="2" type="stmt"/>
        <line num="7" count="2" type="stmt"/>
        <line num="8" count="4" type="stmt"/>
        <line num="11" count="2" type="stmt"/>
        <line num="15" count="4" type="stmt"/>
        <line num="22" count="2" type="stmt"/>
        <line num="25" count="2" type="stmt"/>
      </file>
    </package>
  </project>
</coverage>
