{"/Users/randy/Documents/dev/USN/USN_Log/src/App.tsx": {"path":"/Users/randy/Documents/dev/USN/USN_Log/src/App.tsx","statementMap":{"0":{"start":{"line":2,"column":0},"end":{"line":2,"column":59}},"1":{"start":{"line":3,"column":0},"end":{"line":3,"column":51}},"2":{"start":{"line":4,"column":0},"end":{"line":4,"column":45}},"3":{"start":{"line":5,"column":0},"end":{"line":5,"column":53}},"4":{"start":{"line":6,"column":0},"end":{"line":6,"column":45}},"5":{"start":{"line":7,"column":0},"end":{"line":7,"column":51}},"6":{"start":{"line":10,"column":2},"end":{"line":26,"column":4}},"7":{"start":{"line":29,"column":0},"end":{"line":29,"column":19}}},"fnMap":{"0":{"name":"App","decl":{"start":{"line":9,"column":9},"end":{"line":9,"column":12}},"loc":{"start":{"line":9,"column":12},"end":{"line":27,"column":1}}}},"branchMap":{},"s":{"0":1,"1":1,"2":1,"3":1,"4":1,"5":1,"6":1,"7":1},"f":{"0":1},"b":{}}
,"/Users/randy/Documents/dev/USN/USN_Log/src/components/CopyModal.tsx": {"path":"/Users/randy/Documents/dev/USN/USN_Log/src/components/CopyModal.tsx","statementMap":{"0":{"start":{"line":2,"column":0},"end":{"line":2,"column":47}},"1":{"start":{"line":4,"column":35},"end":{"line":42,"column":1}},"2":{"start":{"line":10,"column":6},"end":{"line":10,"column":14}},"3":{"start":{"line":12,"column":18},"end":{"line":12,"column":49}},"4":{"start":{"line":12,"column":24},"end":{"line":12,"column":49}},"5":{"start":{"line":14,"column":2},"end":{"line":14,"column":36}},"6":{"start":{"line":14,"column":24},"end":{"line":14,"column":36}},"7":{"start":{"line":16,"column":2},"end":{"line":41,"column":4}},"8":{"start":{"line":4,"column":13},"end":{"line":4,"column":35}}},"fnMap":{"0":{"name":"(anonymous_0)","decl":{"start":{"line":4,"column":35},"end":{"line":4,"column":38}},"loc":{"start":{"line":4,"column":40},"end":{"line":42,"column":1}}},"1":{"name":"(anonymous_1)","decl":{"start":{"line":12,"column":18},"end":{"line":12,"column":21}},"loc":{"start":{"line":12,"column":24},"end":{"line":12,"column":49}}}},"branchMap":{"0":{"loc":{"start":{"line":14,"column":2},"end":{"line":14,"column":36}},"type":"if","locations":[{"start":{"line":14,"column":2},"end":{"line":14,"column":36}}]}},"s":{"0":1,"1":1,"2":2,"3":2,"4":0,"5":2,"6":2,"7":0,"8":1},"f":{"0":2,"1":0},"b":{"0":[2]}}
,"/Users/randy/Documents/dev/USN/USN_Log/src/components/Editor.tsx": {"path":"/Users/randy/Documents/dev/USN/USN_Log/src/components/Editor.tsx","statementMap":{"0":{"start":{"line":2,"column":0},"end":{"line":2,"column":39}},"1":{"start":{"line":3,"column":0},"end":{"line":3,"column":47}},"2":{"start":{"line":6,"column":32},"end":{"line":293,"column":1}},"3":{"start":{"line":38,"column":6},"end":{"line":38,"column":14}},"4":{"start":{"line":40,"column":2},"end":{"line":292,"column":4}},"5":{"start":{"line":48,"column":29},"end":{"line":48,"column":77}},"6":{"start":{"line":66,"column":29},"end":{"line":66,"column":72}},"7":{"start":{"line":80,"column":29},"end":{"line":80,"column":53}},"8":{"start":{"line":90,"column":29},"end":{"line":90,"column":52}},"9":{"start":{"line":104,"column":33},"end":{"line":104,"column":58}},"10":{"start":{"line":116,"column":33},"end":{"line":116,"column":56}},"11":{"start":{"line":130,"column":35},"end":{"line":130,"column":58}},"12":{"start":{"line":143,"column":35},"end":{"line":143,"column":63}},"13":{"start":{"line":159,"column":18},"end":{"line":159,"column":67}},"14":{"start":{"line":171,"column":16},"end":{"line":172,"column":null}},"15":{"start":{"line":178,"column":22},"end":{"line":180,"column":24}},"16":{"start":{"line":191,"column":22},"end":{"line":193,"column":24}},"17":{"start":{"line":203,"column":22},"end":{"line":205,"column":24}},"18":{"start":{"line":217,"column":22},"end":{"line":217,"column":66}},"19":{"start":{"line":221,"column":35},"end":{"line":221,"column":52}},"20":{"start":{"line":242,"column":29},"end":{"line":242,"column":57}},"21":{"start":{"line":252,"column":29},"end":{"line":252,"column":56}},"22":{"start":{"line":284,"column":27},"end":{"line":284,"column":51}},"23":{"start":{"line":6,"column":13},"end":{"line":6,"column":32}}},"fnMap":{"0":{"name":"(anonymous_0)","decl":{"start":{"line":6,"column":32},"end":{"line":6,"column":35}},"loc":{"start":{"line":6,"column":37},"end":{"line":293,"column":1}}},"1":{"name":"(anonymous_1)","decl":{"start":{"line":48,"column":22},"end":{"line":48,"column":23}},"loc":{"start":{"line":48,"column":29},"end":{"line":48,"column":77}}},"2":{"name":"(anonymous_2)","decl":{"start":{"line":66,"column":22},"end":{"line":66,"column":23}},"loc":{"start":{"line":66,"column":29},"end":{"line":66,"column":72}}},"3":{"name":"(anonymous_3)","decl":{"start":{"line":80,"column":22},"end":{"line":80,"column":23}},"loc":{"start":{"line":80,"column":29},"end":{"line":80,"column":53}}},"4":{"name":"(anonymous_4)","decl":{"start":{"line":90,"column":22},"end":{"line":90,"column":23}},"loc":{"start":{"line":90,"column":29},"end":{"line":90,"column":52}}},"5":{"name":"(anonymous_5)","decl":{"start":{"line":104,"column":26},"end":{"line":104,"column":27}},"loc":{"start":{"line":104,"column":33},"end":{"line":104,"column":58}}},"6":{"name":"(anonymous_6)","decl":{"start":{"line":116,"column":26},"end":{"line":116,"column":27}},"loc":{"start":{"line":116,"column":33},"end":{"line":116,"column":56}}},"7":{"name":"(anonymous_7)","decl":{"start":{"line":130,"column":28},"end":{"line":130,"column":29}},"loc":{"start":{"line":130,"column":35},"end":{"line":130,"column":58}}},"8":{"name":"(anonymous_8)","decl":{"start":{"line":143,"column":28},"end":{"line":143,"column":29}},"loc":{"start":{"line":143,"column":35},"end":{"line":143,"column":63}}},"9":{"name":"(anonymous_9)","decl":{"start":{"line":158,"column":26},"end":{"line":158,"column":27}},"loc":{"start":{"line":159,"column":18},"end":{"line":159,"column":67}}},"10":{"name":"(anonymous_10)","decl":{"start":{"line":170,"column":25},"end":{"line":170,"column":26}},"loc":{"start":{"line":171,"column":16},"end":{"line":172,"column":null}}},"11":{"name":"(anonymous_11)","decl":{"start":{"line":177,"column":30},"end":{"line":177,"column":31}},"loc":{"start":{"line":178,"column":22},"end":{"line":180,"column":24}}},"12":{"name":"(anonymous_12)","decl":{"start":{"line":190,"column":30},"end":{"line":190,"column":31}},"loc":{"start":{"line":191,"column":22},"end":{"line":193,"column":24}}},"13":{"name":"(anonymous_13)","decl":{"start":{"line":202,"column":30},"end":{"line":202,"column":31}},"loc":{"start":{"line":203,"column":22},"end":{"line":205,"column":24}}},"14":{"name":"(anonymous_14)","decl":{"start":{"line":216,"column":30},"end":{"line":216,"column":31}},"loc":{"start":{"line":217,"column":22},"end":{"line":217,"column":66}}},"15":{"name":"(anonymous_15)","decl":{"start":{"line":221,"column":29},"end":{"line":221,"column":32}},"loc":{"start":{"line":221,"column":35},"end":{"line":221,"column":52}}},"16":{"name":"(anonymous_16)","decl":{"start":{"line":242,"column":22},"end":{"line":242,"column":23}},"loc":{"start":{"line":242,"column":29},"end":{"line":242,"column":57}}},"17":{"name":"(anonymous_17)","decl":{"start":{"line":252,"column":22},"end":{"line":252,"column":23}},"loc":{"start":{"line":252,"column":29},"end":{"line":252,"column":56}}},"18":{"name":"(anonymous_18)","decl":{"start":{"line":284,"column":21},"end":{"line":284,"column":24}},"loc":{"start":{"line":284,"column":27},"end":{"line":284,"column":51}}}},"branchMap":{"0":{"loc":{"start":{"line":96,"column":9},"end":{"line":235,"column":null}},"type":"cond-expr","locations":[{"start":{"line":97,"column":10},"end":{"line":148,"column":null}},{"start":{"line":151,"column":10},"end":{"line":234,"column":null}}]}},"s":{"0":2,"1":2,"2":2,"3":223,"4":223,"5":0,"6":1,"7":29,"8":42,"9":37,"10":28,"11":4,"12":2,"13":0,"14":0,"15":0,"16":0,"17":0,"18":0,"19":0,"20":14,"21":12,"22":0,"23":2},"f":{"0":223,"1":0,"2":1,"3":29,"4":42,"5":37,"6":28,"7":4,"8":2,"9":0,"10":0,"11":0,"12":0,"13":0,"14":0,"15":0,"16":14,"17":12,"18":0},"b":{"0":[223,0]}}
,"/Users/randy/Documents/dev/USN/USN_Log/src/components/Header.tsx": {"path":"/Users/randy/Documents/dev/USN/USN_Log/src/components/Header.tsx","statementMap":{"0":{"start":{"line":2,"column":0},"end":{"line":2,"column":47}},"1":{"start":{"line":4,"column":32},"end":{"line":24,"column":1}},"2":{"start":{"line":5,"column":29},"end":{"line":5,"column":37}},"3":{"start":{"line":6,"column":22},"end":{"line":6,"column":48}},"4":{"start":{"line":6,"column":28},"end":{"line":6,"column":48}},"5":{"start":{"line":8,"column":2},"end":{"line":23,"column":4}},"6":{"start":{"line":4,"column":13},"end":{"line":4,"column":32}}},"fnMap":{"0":{"name":"(anonymous_0)","decl":{"start":{"line":4,"column":32},"end":{"line":4,"column":35}},"loc":{"start":{"line":4,"column":37},"end":{"line":24,"column":1}}},"1":{"name":"(anonymous_1)","decl":{"start":{"line":6,"column":22},"end":{"line":6,"column":25}},"loc":{"start":{"line":6,"column":28},"end":{"line":6,"column":48}}}},"branchMap":{},"s":{"0":1,"1":1,"2":2,"3":2,"4":0,"5":2,"6":1},"f":{"0":2,"1":0},"b":{}}
,"/Users/randy/Documents/dev/USN/USN_Log/src/components/LogPreview.tsx": {"path":"/Users/randy/Documents/dev/USN/USN_Log/src/components/LogPreview.tsx","statementMap":{"0":{"start":{"line":2,"column":0},"end":{"line":2,"column":47}},"1":{"start":{"line":4,"column":36},"end":{"line":256,"column":1}},"2":{"start":{"line":22,"column":6},"end":{"line":22,"column":14}},"3":{"start":{"line":24,"column":44},"end":{"line":29,"column":4}},"4":{"start":{"line":31,"column":21},"end":{"line":229,"column":3}},"5":{"start":{"line":32,"column":25},"end":{"line":32,"column":53}},"6":{"start":{"line":33,"column":23},"end":{"line":33,"column":47}},"7":{"start":{"line":35,"column":4},"end":{"line":228,"column":6}},"8":{"start":{"line":96,"column":22},"end":{"line":96,"column":34}},"9":{"start":{"line":116,"column":22},"end":{"line":116,"column":34}},"10":{"start":{"line":183,"column":20},"end":{"line":183,"column":33}},"11":{"start":{"line":231,"column":2},"end":{"line":255,"column":4}},"12":{"start":{"line":236,"column":12},"end":{"line":237,"column":null}},"13":{"start":{"line":238,"column":29},"end":{"line":238,"column":52}},"14":{"start":{"line":252,"column":8},"end":{"line":252,"column":58}},"15":{"start":{"line":4,"column":13},"end":{"line":4,"column":36}}},"fnMap":{"0":{"name":"(anonymous_0)","decl":{"start":{"line":4,"column":36},"end":{"line":4,"column":39}},"loc":{"start":{"line":4,"column":41},"end":{"line":256,"column":1}}},"1":{"name":"(anonymous_1)","decl":{"start":{"line":31,"column":21},"end":{"line":31,"column":22}},"loc":{"start":{"line":31,"column":75},"end":{"line":229,"column":3}}},"2":{"name":"(anonymous_2)","decl":{"start":{"line":95,"column":44},"end":{"line":95,"column":45}},"loc":{"start":{"line":96,"column":22},"end":{"line":96,"column":34}}},"3":{"name":"(anonymous_3)","decl":{"start":{"line":115,"column":42},"end":{"line":115,"column":43}},"loc":{"start":{"line":116,"column":22},"end":{"line":116,"column":34}}},"4":{"name":"(anonymous_4)","decl":{"start":{"line":182,"column":29},"end":{"line":182,"column":30}},"loc":{"start":{"line":183,"column":20},"end":{"line":183,"column":33}}},"5":{"name":"(anonymous_5)","decl":{"start":{"line":235,"column":21},"end":{"line":235,"column":22}},"loc":{"start":{"line":236,"column":12},"end":{"line":237,"column":null}}},"6":{"name":"(anonymous_6)","decl":{"start":{"line":238,"column":23},"end":{"line":238,"column":26}},"loc":{"start":{"line":238,"column":29},"end":{"line":238,"column":52}}},"7":{"name":"(anonymous_7)","decl":{"start":{"line":251,"column":17},"end":{"line":251,"column":18}},"loc":{"start":{"line":252,"column":8},"end":{"line":252,"column":58}}}},"branchMap":{"0":{"loc":{"start":{"line":32,"column":25},"end":{"line":32,"column":53}},"type":"cond-expr","locations":[{"start":{"line":32,"column":37},"end":{"line":32,"column":44}},{"start":{"line":32,"column":47},"end":{"line":32,"column":53}}]},"1":{"loc":{"start":{"line":38,"column":12},"end":{"line":38,"column":50}},"type":"cond-expr","locations":[{"start":{"line":38,"column":24},"end":{"line":38,"column":38}},{"start":{"line":38,"column":41},"end":{"line":38,"column":50}}]},"2":{"loc":{"start":{"line":69,"column":13},"end":{"line":69,"column":33}},"type":"binary-expr","locations":[{"start":{"line":69,"column":13},"end":{"line":69,"column":18}},{"start":{"line":69,"column":22},"end":{"line":69,"column":33}}]},"3":{"loc":{"start":{"line":75,"column":13},"end":{"line":75,"column":61}},"type":"binary-expr","locations":[{"start":{"line":75,"column":13},"end":{"line":75,"column":21}},{"start":{"line":75,"column":25},"end":{"line":75,"column":61}}]},"4":{"loc":{"start":{"line":79,"column":11},"end":{"line":164,"column":null}},"type":"binary-expr","locations":[{"start":{"line":79,"column":11},"end":{"line":79,"column":21}},{"start":{"line":79,"column":25},"end":{"line":79,"column":42}},{"start":{"line":80,"column":12},"end":{"line":163,"column":null}}]},"5":{"loc":{"start":{"line":135,"column":23},"end":{"line":135,"column":34}},"type":"binary-expr","locations":[{"start":{"line":135,"column":23},"end":{"line":135,"column":27}},{"start":{"line":135,"column":31},"end":{"line":135,"column":34}}]},"6":{"loc":{"start":{"line":146,"column":23},"end":{"line":146,"column":39}},"type":"binary-expr","locations":[{"start":{"line":146,"column":23},"end":{"line":146,"column":32}},{"start":{"line":146,"column":36},"end":{"line":146,"column":39}}]},"7":{"loc":{"start":{"line":158,"column":19},"end":{"line":158,"column":48}},"type":"binary-expr","locations":[{"start":{"line":158,"column":19},"end":{"line":158,"column":28}},{"start":{"line":158,"column":32},"end":{"line":158,"column":48}}]},"8":{"loc":{"start":{"line":159,"column":19},"end":{"line":160,"column":null}},"type":"binary-expr","locations":[{"start":{"line":159,"column":19},"end":{"line":159,"column":27}},{"start":{"line":160,"column":20},"end":{"line":160,"column":78}}]},"9":{"loc":{"start":{"line":167,"column":11},"end":{"line":224,"column":null}},"type":"binary-expr","locations":[{"start":{"line":167,"column":11},"end":{"line":167,"column":21}},{"start":{"line":167,"column":25},"end":{"line":167,"column":44}},{"start":{"line":168,"column":12},"end":{"line":223,"column":null}}]},"10":{"loc":{"start":{"line":174,"column":17},"end":{"line":175,"column":null}},"type":"binary-expr","locations":[{"start":{"line":174,"column":17},"end":{"line":174,"column":35}},{"start":{"line":175,"column":18},"end":{"line":175,"column":65}}]},"11":{"loc":{"start":{"line":179,"column":20},"end":{"line":179,"column":null}},"type":"cond-expr","locations":[{"start":{"line":179,"column":39},"end":{"line":179,"column":58}},{"start":{"line":179,"column":61},"end":{"line":179,"column":null}}]},"12":{"loc":{"start":{"line":201,"column":23},"end":{"line":202,"column":null}},"type":"binary-expr","locations":[{"start":{"line":201,"column":23},"end":{"line":201,"column":33}},{"start":{"line":202,"column":24},"end":{"line":202,"column":71}}]},"13":{"loc":{"start":{"line":218,"column":19},"end":{"line":218,"column":48}},"type":"binary-expr","locations":[{"start":{"line":218,"column":19},"end":{"line":218,"column":28}},{"start":{"line":218,"column":32},"end":{"line":218,"column":48}}]},"14":{"loc":{"start":{"line":219,"column":19},"end":{"line":220,"column":null}},"type":"binary-expr","locations":[{"start":{"line":219,"column":19},"end":{"line":219,"column":27}},{"start":{"line":220,"column":20},"end":{"line":220,"column":78}}]},"15":{"loc":{"start":{"line":233,"column":7},"end":{"line":248,"column":null}},"type":"binary-expr","locations":[{"start":{"line":233,"column":7},"end":{"line":233,"column":23}},{"start":{"line":234,"column":8},"end":{"line":247,"column":null}}]},"16":{"loc":{"start":{"line":240,"column":16},"end":{"line":242,"column":null}},"type":"cond-expr","locations":[{"start":{"line":241,"column":20},"end":{"line":241,"column":33}},{"start":{"line":242,"column":20},"end":{"line":242,"column":null}}]}},"s":{"0":2,"1":2,"2":223,"3":223,"4":223,"5":219,"6":219,"7":219,"8":249,"9":107,"10":0,"11":223,"12":0,"13":0,"14":219,"15":2},"f":{"0":223,"1":219,"2":249,"3":107,"4":0,"5":0,"6":0,"7":219},"b":{"0":[219,0],"1":[219,0],"2":[219,4],"3":[219,25],"4":[219,219,219],"5":[219,187],"6":[219,191],"7":[219,205],"8":[219,26],"9":[219,219,0],"10":[0,0],"11":[0,0],"12":[0,0],"13":[0,0],"14":[0,0],"15":[223,0],"16":[0,0]}}
,"/Users/randy/Documents/dev/USN/USN_Log/src/components/SettingsModal.tsx": {"path":"/Users/randy/Documents/dev/USN/USN_Log/src/components/SettingsModal.tsx","statementMap":{"0":{"start":{"line":2,"column":0},"end":{"line":2,"column":47}},"1":{"start":{"line":4,"column":39},"end":{"line":69,"column":1}},"2":{"start":{"line":13,"column":6},"end":{"line":13,"column":14}},"3":{"start":{"line":15,"column":18},"end":{"line":15,"column":45}},"4":{"start":{"line":15,"column":24},"end":{"line":15,"column":45}},"5":{"start":{"line":17,"column":2},"end":{"line":17,"column":32}},"6":{"start":{"line":17,"column":20},"end":{"line":17,"column":32}},"7":{"start":{"line":19,"column":2},"end":{"line":68,"column":4}},"8":{"start":{"line":28,"column":31},"end":{"line":28,"column":59}},"9":{"start":{"line":42,"column":31},"end":{"line":42,"column":58}},"10":{"start":{"line":4,"column":13},"end":{"line":4,"column":39}}},"fnMap":{"0":{"name":"(anonymous_0)","decl":{"start":{"line":4,"column":39},"end":{"line":4,"column":42}},"loc":{"start":{"line":4,"column":44},"end":{"line":69,"column":1}}},"1":{"name":"(anonymous_1)","decl":{"start":{"line":15,"column":18},"end":{"line":15,"column":21}},"loc":{"start":{"line":15,"column":24},"end":{"line":15,"column":45}}},"2":{"name":"(anonymous_2)","decl":{"start":{"line":28,"column":24},"end":{"line":28,"column":25}},"loc":{"start":{"line":28,"column":31},"end":{"line":28,"column":59}}},"3":{"name":"(anonymous_3)","decl":{"start":{"line":42,"column":24},"end":{"line":42,"column":25}},"loc":{"start":{"line":42,"column":31},"end":{"line":42,"column":58}}}},"branchMap":{"0":{"loc":{"start":{"line":17,"column":2},"end":{"line":17,"column":32}},"type":"if","locations":[{"start":{"line":17,"column":2},"end":{"line":17,"column":32}}]}},"s":{"0":1,"1":1,"2":2,"3":2,"4":0,"5":2,"6":2,"7":0,"8":0,"9":0,"10":1},"f":{"0":2,"1":0,"2":0,"3":0},"b":{"0":[2]}}
,"/Users/randy/Documents/dev/USN/USN_Log/src/context/LogContext.tsx": {"path":"/Users/randy/Documents/dev/USN/USN_Log/src/context/LogContext.tsx","statementMap":{"0":{"start":{"line":1,"column":0},"end":{"line":1,"column":57}},"1":{"start":{"line":2,"column":0},"end":{"line":2,"column":51}},"2":{"start":{"line":3,"column":0},"end":{"line":3,"column":47}},"3":{"start":{"line":73,"column":19},"end":{"line":73,"column":71}},"4":{"start":{"line":75,"column":68},"end":{"line":95,"column":1}},"5":{"start":{"line":78,"column":19},"end":{"line":78,"column":32}},"6":{"start":{"line":79,"column":59},"end":{"line":85,"column":4}},"7":{"start":{"line":87,"column":13},"end":{"line":91,"column":null}},"8":{"start":{"line":94,"column":2},"end":{"line":94,"column":77}},"9":{"start":{"line":75,"column":13},"end":{"line":75,"column":68}},"10":{"start":{"line":97,"column":22},"end":{"line":103,"column":1}},"11":{"start":{"line":98,"column":18},"end":{"line":98,"column":40}},"12":{"start":{"line":99,"column":2},"end":{"line":101,"column":3}},"13":{"start":{"line":100,"column":4},"end":{"line":100,"column":64}},"14":{"start":{"line":102,"column":2},"end":{"line":102,"column":17}},"15":{"start":{"line":97,"column":13},"end":{"line":97,"column":22}}},"fnMap":{"0":{"name":"(anonymous_0)","decl":{"start":{"line":75,"column":68},"end":{"line":75,"column":69}},"loc":{"start":{"line":77,"column":5},"end":{"line":95,"column":1}}},"1":{"name":"(anonymous_1)","decl":{"start":{"line":97,"column":22},"end":{"line":97,"column":25}},"loc":{"start":{"line":97,"column":27},"end":{"line":103,"column":1}}}},"branchMap":{"0":{"loc":{"start":{"line":99,"column":2},"end":{"line":101,"column":3}},"type":"if","locations":[{"start":{"line":99,"column":2},"end":{"line":101,"column":3}}]}},"s":{"0":2,"1":2,"2":2,"3":2,"4":2,"5":225,"6":225,"7":225,"8":225,"9":2,"10":2,"11":452,"12":452,"13":0,"14":452,"15":2},"f":{"0":225,"1":452},"b":{"0":[0]}}
,"/Users/randy/Documents/dev/USN/USN_Log/src/hooks/useExport.ts": {"path":"/Users/randy/Documents/dev/USN/USN_Log/src/hooks/useExport.ts","statementMap":{"0":{"start":{"line":1,"column":0},"end":{"line":1,"column":35}},"1":{"start":{"line":2,"column":0},"end":{"line":2,"column":38}},"2":{"start":{"line":12,"column":25},"end":{"line":90,"column":1}},"3":{"start":{"line":19,"column":23},"end":{"line":22,"column":3}},"4":{"start":{"line":20,"column":17},"end":{"line":20,"column":66}},"5":{"start":{"line":21,"column":4},"end":{"line":21,"column":49}},"6":{"start":{"line":24,"column":22},"end":{"line":53,"column":4}},"7":{"start":{"line":24,"column":33},"end":{"line":53,"column":4}},"8":{"start":{"line":25,"column":27},"end":{"line":25,"column":42}},"9":{"start":{"line":27,"column":4},"end":{"line":50,"column":5}},"10":{"start":{"line":27,"column":17},"end":{"line":27,"column":18}},"11":{"start":{"line":28,"column":6},"end":{"line":28,"column":28}},"12":{"start":{"line":29,"column":6},"end":{"line":29,"column":51}},"13":{"start":{"line":29,"column":31},"end":{"line":29,"column":49}},"14":{"start":{"line":30,"column":21},"end":{"line":30,"column":60}},"15":{"start":{"line":31,"column":6},"end":{"line":31,"column":28}},"16":{"start":{"line":31,"column":19},"end":{"line":31,"column":28}},"17":{"start":{"line":33,"column":23},"end":{"line":33,"column":45}},"18":{"start":{"line":34,"column":18},"end":{"line":48,"column":8}},"19":{"start":{"line":49,"column":6},"end":{"line":49,"column":52}},"20":{"start":{"line":52,"column":4},"end":{"line":52,"column":39}},"21":{"start":{"line":55,"column":25},"end":{"line":78,"column":4}},"22":{"start":{"line":55,"column":36},"end":{"line":78,"column":4}},"23":{"start":{"line":56,"column":27},"end":{"line":56,"column":42}},"24":{"start":{"line":58,"column":4},"end":{"line":75,"column":5}},"25":{"start":{"line":58,"column":17},"end":{"line":58,"column":18}},"26":{"start":{"line":59,"column":6},"end":{"line":59,"column":28}},"27":{"start":{"line":60,"column":6},"end":{"line":60,"column":51}},"28":{"start":{"line":60,"column":31},"end":{"line":60,"column":49}},"29":{"start":{"line":61,"column":21},"end":{"line":61,"column":60}},"30":{"start":{"line":62,"column":6},"end":{"line":62,"column":28}},"31":{"start":{"line":62,"column":19},"end":{"line":62,"column":28}},"32":{"start":{"line":64,"column":21},"end":{"line":64,"column":75}},"33":{"start":{"line":65,"column":6},"end":{"line":74,"column":22}},"34":{"start":{"line":66,"column":8},"end":{"line":73,"column":9}},"35":{"start":{"line":67,"column":22},"end":{"line":67,"column":47}},"36":{"start":{"line":68,"column":20},"end":{"line":68,"column":47}},"37":{"start":{"line":69,"column":10},"end":{"line":69,"column":23}},"38":{"start":{"line":70,"column":10},"end":{"line":70,"column":46}},"39":{"start":{"line":71,"column":10},"end":{"line":71,"column":20}},"40":{"start":{"line":72,"column":10},"end":{"line":72,"column":35}},"41":{"start":{"line":77,"column":4},"end":{"line":77,"column":39}},"42":{"start":{"line":80,"column":26},"end":{"line":83,"column":3}},"43":{"start":{"line":81,"column":4},"end":{"line":81,"column":58}},"44":{"start":{"line":82,"column":4},"end":{"line":82,"column":34}},"45":{"start":{"line":85,"column":2},"end":{"line":89,"column":4}},"46":{"start":{"line":12,"column":13},"end":{"line":12,"column":25}}},"fnMap":{"0":{"name":"(anonymous_8)","decl":{"start":{"line":12,"column":25},"end":{"line":12,"column":26}},"loc":{"start":{"line":18,"column":21},"end":{"line":90,"column":1}}},"1":{"name":"(anonymous_9)","decl":{"start":{"line":19,"column":23},"end":{"line":19,"column":24}},"loc":{"start":{"line":19,"column":58},"end":{"line":22,"column":3}}},"2":{"name":"(anonymous_10)","decl":{"start":{"line":24,"column":22},"end":{"line":24,"column":31}},"loc":{"start":{"line":24,"column":33},"end":{"line":53,"column":4}}},"3":{"name":"(anonymous_11)","decl":{"start":{"line":24,"column":33},"end":{"line":24,"column":null}},"loc":{"start":{"line":24,"column":33},"end":{"line":53,"column":3}}},"4":{"name":"(anonymous_12)","decl":{"start":{"line":29,"column":24},"end":{"line":29,"column":25}},"loc":{"start":{"line":29,"column":31},"end":{"line":29,"column":49}}},"5":{"name":"(anonymous_13)","decl":{"start":{"line":55,"column":25},"end":{"line":55,"column":34}},"loc":{"start":{"line":55,"column":36},"end":{"line":78,"column":4}}},"6":{"name":"(anonymous_14)","decl":{"start":{"line":55,"column":36},"end":{"line":55,"column":null}},"loc":{"start":{"line":55,"column":36},"end":{"line":78,"column":3}}},"7":{"name":"(anonymous_15)","decl":{"start":{"line":60,"column":24},"end":{"line":60,"column":25}},"loc":{"start":{"line":60,"column":31},"end":{"line":60,"column":49}}},"8":{"name":"(anonymous_16)","decl":{"start":{"line":65,"column":20},"end":{"line":65,"column":21}},"loc":{"start":{"line":65,"column":29},"end":{"line":74,"column":7}}},"9":{"name":"(anonymous_17)","decl":{"start":{"line":80,"column":26},"end":{"line":80,"column":29}},"loc":{"start":{"line":80,"column":31},"end":{"line":83,"column":3}}}},"branchMap":{"0":{"loc":{"start":{"line":19,"column":43},"end":{"line":19,"column":54}},"type":"default-arg","locations":[{"start":{"line":19,"column":49},"end":{"line":19,"column":54}}]},"1":{"loc":{"start":{"line":20,"column":17},"end":{"line":20,"column":66}},"type":"cond-expr","locations":[{"start":{"line":20,"column":25},"end":{"line":20,"column":51}},{"start":{"line":20,"column":54},"end":{"line":20,"column":66}}]},"2":{"loc":{"start":{"line":31,"column":6},"end":{"line":31,"column":28}},"type":"if","locations":[{"start":{"line":31,"column":6},"end":{"line":31,"column":28}}]},"3":{"loc":{"start":{"line":62,"column":6},"end":{"line":62,"column":28}},"type":"if","locations":[{"start":{"line":62,"column":6},"end":{"line":62,"column":28}}]},"4":{"loc":{"start":{"line":66,"column":8},"end":{"line":73,"column":9}},"type":"if","locations":[{"start":{"line":66,"column":8},"end":{"line":73,"column":9}}]}},"s":{"0":2,"1":2,"2":2,"3":225,"4":0,"5":0,"6":225,"7":0,"8":0,"9":0,"10":0,"11":0,"12":0,"13":0,"14":0,"15":0,"16":0,"17":0,"18":0,"19":0,"20":0,"21":225,"22":0,"23":0,"24":0,"25":0,"26":0,"27":0,"28":0,"29":0,"30":0,"31":0,"32":0,"33":0,"34":0,"35":0,"36":0,"37":0,"38":0,"39":0,"40":0,"41":0,"42":225,"43":0,"44":0,"45":225,"46":2},"f":{"0":225,"1":0,"2":0,"3":0,"4":0,"5":0,"6":0,"7":0,"8":0,"9":0},"b":{"0":[0],"1":[0,0],"2":[0],"3":[0],"4":[0]}}
,"/Users/randy/Documents/dev/USN/USN_Log/src/hooks/useLogState.ts": {"path":"/Users/randy/Documents/dev/USN/USN_Log/src/hooks/useLogState.ts","statementMap":{"0":{"start":{"line":13,"column":0},"end":{"line":13,"column":16}},"1":{"start":{"line":1,"column":0},"end":{"line":1,"column":44}},"2":{"start":{"line":15,"column":26},"end":{"line":15,"column":53}},"3":{"start":{"line":16,"column":28},"end":{"line":16,"column":40}},"4":{"start":{"line":17,"column":26},"end":{"line":17,"column":38}},"5":{"start":{"line":18,"column":36},"end":{"line":18,"column":48}},"6":{"start":{"line":19,"column":34},"end":{"line":19,"column":46}},"7":{"start":{"line":20,"column":42},"end":{"line":20,"column":73}},"8":{"start":{"line":23,"column":30},"end":{"line":23,"column":42}},"9":{"start":{"line":24,"column":26},"end":{"line":24,"column":38}},"10":{"start":{"line":25,"column":26},"end":{"line":25,"column":38}},"11":{"start":{"line":26,"column":36},"end":{"line":26,"column":48}},"12":{"start":{"line":29,"column":32},"end":{"line":29,"column":71}},"13":{"start":{"line":30,"column":28},"end":{"line":30,"column":53}},"14":{"start":{"line":33,"column":40},"end":{"line":33,"column":55}},"15":{"start":{"line":34,"column":48},"end":{"line":34,"column":63}},"16":{"start":{"line":37,"column":36},"end":{"line":37,"column":55}},"17":{"start":{"line":38,"column":34},"end":{"line":38,"column":58}},"18":{"start":{"line":41,"column":48},"end":{"line":41,"column":59}},"19":{"start":{"line":44,"column":28},"end":{"line":44,"column":50}},"20":{"start":{"line":49,"column":2},"end":{"line":80,"column":9}},"21":{"start":{"line":50,"column":22},"end":{"line":50,"column":50}},"22":{"start":{"line":51,"column":4},"end":{"line":51,"column":49}},"23":{"start":{"line":51,"column":19},"end":{"line":51,"column":49}},"24":{"start":{"line":53,"column":23},"end":{"line":53,"column":52}},"25":{"start":{"line":54,"column":22},"end":{"line":54,"column":50}},"26":{"start":{"line":55,"column":27},"end":{"line":55,"column":60}},"27":{"start":{"line":56,"column":26},"end":{"line":56,"column":58}},"28":{"start":{"line":57,"column":24},"end":{"line":57,"column":54}},"29":{"start":{"line":58,"column":22},"end":{"line":58,"column":50}},"30":{"start":{"line":59,"column":22},"end":{"line":59,"column":50}},"31":{"start":{"line":60,"column":27},"end":{"line":60,"column":60}},"32":{"start":{"line":61,"column":25},"end":{"line":61,"column":56}},"33":{"start":{"line":62,"column":23},"end":{"line":62,"column":52}},"34":{"start":{"line":63,"column":30},"end":{"line":63,"column":66}},"35":{"start":{"line":64,"column":27},"end":{"line":64,"column":60}},"36":{"start":{"line":65,"column":26},"end":{"line":65,"column":58}},"37":{"start":{"line":67,"column":4},"end":{"line":67,"column":41}},"38":{"start":{"line":67,"column":20},"end":{"line":67,"column":41}},"39":{"start":{"line":68,"column":4},"end":{"line":68,"column":38}},"40":{"start":{"line":68,"column":19},"end":{"line":68,"column":38}},"41":{"start":{"line":69,"column":4},"end":{"line":69,"column":53}},"42":{"start":{"line":69,"column":24},"end":{"line":69,"column":53}},"43":{"start":{"line":70,"column":4},"end":{"line":70,"column":50}},"44":{"start":{"line":70,"column":23},"end":{"line":70,"column":50}},"45":{"start":{"line":71,"column":4},"end":{"line":71,"column":44}},"46":{"start":{"line":71,"column":21},"end":{"line":71,"column":44}},"47":{"start":{"line":72,"column":4},"end":{"line":72,"column":38}},"48":{"start":{"line":72,"column":19},"end":{"line":72,"column":38}},"49":{"start":{"line":73,"column":4},"end":{"line":73,"column":38}},"50":{"start":{"line":73,"column":19},"end":{"line":73,"column":38}},"51":{"start":{"line":74,"column":4},"end":{"line":74,"column":53}},"52":{"start":{"line":74,"column":24},"end":{"line":74,"column":53}},"53":{"start":{"line":75,"column":4},"end":{"line":75,"column":70}},"54":{"start":{"line":75,"column":22},"end":{"line":75,"column":70}},"55":{"start":{"line":76,"column":4},"end":{"line":76,"column":53}},"56":{"start":{"line":76,"column":20},"end":{"line":76,"column":53}},"57":{"start":{"line":77,"column":4},"end":{"line":77,"column":74}},"58":{"start":{"line":77,"column":27},"end":{"line":77,"column":74}},"59":{"start":{"line":78,"column":4},"end":{"line":78,"column":53}},"60":{"start":{"line":78,"column":24},"end":{"line":78,"column":53}},"61":{"start":{"line":79,"column":4},"end":{"line":79,"column":50}},"62":{"start":{"line":79,"column":23},"end":{"line":79,"column":50}},"63":{"start":{"line":83,"column":19},"end":{"line":92,"column":3}},"64":{"start":{"line":88,"column":4},"end":{"line":91,"column":6}},"65":{"start":{"line":89,"column":6},"end":{"line":89,"column":45}},"66":{"start":{"line":89,"column":21},"end":{"line":89,"column":45}},"67":{"start":{"line":90,"column":6},"end":{"line":90,"column":57}},"68":{"start":{"line":90,"column":35},"end":{"line":90,"column":48}},"69":{"start":{"line":95,"column":2},"end":{"line":129,"column":5}},"70":{"start":{"line":96,"column":31},"end":{"line":111,"column":5}},"71":{"start":{"line":97,"column":6},"end":{"line":97,"column":41}},"72":{"start":{"line":98,"column":6},"end":{"line":98,"column":43}},"73":{"start":{"line":99,"column":6},"end":{"line":99,"column":41}},"74":{"start":{"line":100,"column":6},"end":{"line":100,"column":51}},"75":{"start":{"line":101,"column":6},"end":{"line":101,"column":49}},"76":{"start":{"line":102,"column":6},"end":{"line":102,"column":45}},"77":{"start":{"line":103,"column":6},"end":{"line":103,"column":41}},"78":{"start":{"line":104,"column":6},"end":{"line":104,"column":41}},"79":{"start":{"line":105,"column":6},"end":{"line":105,"column":51}},"80":{"start":{"line":106,"column":6},"end":{"line":106,"column":47}},"81":{"start":{"line":107,"column":6},"end":{"line":107,"column":59}},"82":{"start":{"line":108,"column":6},"end":{"line":108,"column":57}},"83":{"start":{"line":109,"column":6},"end":{"line":109,"column":51}},"84":{"start":{"line":110,"column":6},"end":{"line":110,"column":49}},"85":{"start":{"line":112,"column":26},"end":{"line":112,"column":59}},"86":{"start":{"line":113,"column":4},"end":{"line":113,"column":20}},"87":{"start":{"line":132,"column":30},"end":{"line":132,"column":33}},"88":{"start":{"line":133,"column":22},"end":{"line":133,"column":24}},"89":{"start":{"line":134,"column":25},"end":{"line":134,"column":70}},"90":{"start":{"line":135,"column":25},"end":{"line":135,"column":27}},"91":{"start":{"line":136,"column":25},"end":{"line":136,"column":56}},"92":{"start":{"line":139,"column":4},"end":{"line":139,"column":31}},"93":{"start":{"line":139,"column":19},"end":{"line":139,"column":31}},"94":{"start":{"line":141,"column":31},"end":{"line":141,"column":33}},"95":{"start":{"line":142,"column":18},"end":{"line":142,"column":38}},"96":{"start":{"line":143,"column":22},"end":{"line":143,"column":24}},"97":{"start":{"line":144,"column":24},"end":{"line":144,"column":25}},"98":{"start":{"line":146,"column":4},"end":{"line":175,"column":5}},"99":{"start":{"line":147,"column":25},"end":{"line":147,"column":36}},"100":{"start":{"line":148,"column":27},"end":{"line":148,"column":65}},"101":{"start":{"line":149,"column":30},"end":{"line":149,"column":56}},"102":{"start":{"line":151,"column":6},"end":{"line":162,"column":7}},"103":{"start":{"line":152,"column":8},"end":{"line":152,"column":35}},"104":{"start":{"line":153,"column":8},"end":{"line":153,"column":27}},"105":{"start":{"line":154,"column":8},"end":{"line":154,"column":40}},"106":{"start":{"line":156,"column":8},"end":{"line":159,"column":9}},"107":{"start":{"line":157,"column":10},"end":{"line":157,"column":30}},"108":{"start":{"line":158,"column":10},"end":{"line":158,"column":39}},"109":{"start":{"line":160,"column":8},"end":{"line":160,"column":28}},"110":{"start":{"line":161,"column":8},"end":{"line":161,"column":41}},"111":{"start":{"line":164,"column":6},"end":{"line":174,"column":7}},"112":{"start":{"line":165,"column":28},"end":{"line":165,"column":32}},"113":{"start":{"line":166,"column":8},"end":{"line":170,"column":9}},"114":{"start":{"line":167,"column":24},"end":{"line":167,"column":62}},"115":{"start":{"line":168,"column":10},"end":{"line":168,"column":31}},"116":{"start":{"line":169,"column":10},"end":{"line":169,"column":62}},"117":{"start":{"line":171,"column":8},"end":{"line":171,"column":36}},"118":{"start":{"line":172,"column":8},"end":{"line":173,"column":73}},"119":{"start":{"line":177,"column":4},"end":{"line":179,"column":5}},"120":{"start":{"line":178,"column":6},"end":{"line":178,"column":33}},"121":{"start":{"line":181,"column":4},"end":{"line":181,"column":20}},"122":{"start":{"line":185,"column":2},"end":{"line":189,"column":13}},"123":{"start":{"line":186,"column":21},"end":{"line":186,"column":45}},"124":{"start":{"line":187,"column":4},"end":{"line":187,"column":23}},"125":{"start":{"line":188,"column":4},"end":{"line":188,"column":44}},"126":{"start":{"line":192,"column":21},"end":{"line":200,"column":3}},"127":{"start":{"line":193,"column":31},"end":{"line":198,"column":6}},"128":{"start":{"line":199,"column":4},"end":{"line":199,"column":34}},"129":{"start":{"line":202,"column":21},"end":{"line":204,"column":3}},"130":{"start":{"line":203,"column":4},"end":{"line":203,"column":76}},"131":{"start":{"line":203,"column":34},"end":{"line":203,"column":72}},"132":{"start":{"line":206,"column":21},"end":{"line":208,"column":3}},"133":{"start":{"line":207,"column":4},"end":{"line":207,"column":50}},"134":{"start":{"line":207,"column":36},"end":{"line":207,"column":47}},"135":{"start":{"line":211,"column":21},"end":{"line":223,"column":3}},"136":{"start":{"line":212,"column":4},"end":{"line":212,"column":17}},"137":{"start":{"line":213,"column":4},"end":{"line":213,"column":16}},"138":{"start":{"line":214,"column":4},"end":{"line":214,"column":21}},"139":{"start":{"line":215,"column":4},"end":{"line":215,"column":20}},"140":{"start":{"line":216,"column":4},"end":{"line":216,"column":18}},"141":{"start":{"line":217,"column":4},"end":{"line":217,"column":16}},"142":{"start":{"line":218,"column":4},"end":{"line":218,"column":16}},"143":{"start":{"line":219,"column":4},"end":{"line":219,"column":21}},"144":{"start":{"line":220,"column":4},"end":{"line":220,"column":25}},"145":{"start":{"line":221,"column":4},"end":{"line":221,"column":17}},"146":{"start":{"line":222,"column":4},"end":{"line":222,"column":26}},"147":{"start":{"line":226,"column":26},"end":{"line":257,"column":3}},"148":{"start":{"line":227,"column":4},"end":{"line":256,"column":5}},"149":{"start":{"line":228,"column":6},"end":{"line":228,"column":36}},"150":{"start":{"line":229,"column":6},"end":{"line":229,"column":44}},"151":{"start":{"line":230,"column":6},"end":{"line":230,"column":33}},"152":{"start":{"line":231,"column":6},"end":{"line":231,"column":45}},"153":{"start":{"line":232,"column":6},"end":{"line":232,"column":40}},"154":{"start":{"line":233,"column":6},"end":{"line":233,"column":22}},"155":{"start":{"line":234,"column":6},"end":{"line":234,"column":26}},"156":{"start":{"line":235,"column":6},"end":{"line":235,"column":35}},"157":{"start":{"line":237,"column":6},"end":{"line":237,"column":38}},"158":{"start":{"line":238,"column":6},"end":{"line":238,"column":42}},"159":{"start":{"line":239,"column":6},"end":{"line":239,"column":33}},"160":{"start":{"line":240,"column":6},"end":{"line":240,"column":27}},"161":{"start":{"line":241,"column":6},"end":{"line":254,"column":9}},"162":{"start":{"line":255,"column":6},"end":{"line":255,"column":37}},"163":{"start":{"line":260,"column":21},"end":{"line":263,"column":3}},"164":{"start":{"line":261,"column":4},"end":{"line":261,"column":25}},"165":{"start":{"line":261,"column":15},"end":{"line":261,"column":25}},"166":{"start":{"line":262,"column":4},"end":{"line":262,"column":65}},"167":{"start":{"line":262,"column":45},"end":{"line":262,"column":63}},"168":{"start":{"line":266,"column":31},"end":{"line":311,"column":3}},"169":{"start":{"line":267,"column":4},"end":{"line":310,"column":5}},"170":{"start":{"line":268,"column":6},"end":{"line":284,"column":9}},"171":{"start":{"line":286,"column":24},"end":{"line":295,"column":19}},"172":{"start":{"line":289,"column":12},"end":{"line":293,"column":62}},"173":{"start":{"line":297,"column":6},"end":{"line":309,"column":9}},"174":{"start":{"line":313,"column":2},"end":{"line":361,"column":4}}},"fnMap":{"0":{"name":"useLogState","decl":{"start":{"line":13,"column":16},"end":{"line":13,"column":27}},"loc":{"start":{"line":13,"column":27},"end":{"line":362,"column":1}}},"1":{"name":"(anonymous_1)","decl":{"start":{"line":49,"column":12},"end":{"line":49,"column":15}},"loc":{"start":{"line":49,"column":17},"end":{"line":80,"column":3}}},"2":{"name":"(anonymous_2)","decl":{"start":{"line":83,"column":19},"end":{"line":83,"column":null}},"loc":{"start":{"line":86,"column":6},"end":{"line":92,"column":3}}},"3":{"name":"(anonymous_3)","decl":{"start":{"line":88,"column":11},"end":{"line":88,"column":12}},"loc":{"start":{"line":88,"column":38},"end":{"line":91,"column":5}}},"4":{"name":"(anonymous_4)","decl":{"start":{"line":90,"column":29},"end":{"line":90,"column":32}},"loc":{"start":{"line":90,"column":35},"end":{"line":90,"column":48}}},"5":{"name":"(anonymous_5)","decl":{"start":{"line":95,"column":12},"end":{"line":95,"column":15}},"loc":{"start":{"line":95,"column":17},"end":{"line":114,"column":3}}},"6":{"name":"(anonymous_6)","decl":{"start":{"line":96,"column":31},"end":{"line":96,"column":34}},"loc":{"start":{"line":96,"column":36},"end":{"line":111,"column":5}}},"7":{"name":"splitTextIntoPages","decl":{"start":{"line":138,"column":11},"end":{"line":138,"column":29}},"loc":{"start":{"line":138,"column":46},"end":{"line":182,"column":3}}},"8":{"name":"(anonymous_8)","decl":{"start":{"line":185,"column":12},"end":{"line":185,"column":15}},"loc":{"start":{"line":185,"column":17},"end":{"line":189,"column":3}}},"9":{"name":"(anonymous_9)","decl":{"start":{"line":192,"column":21},"end":{"line":192,"column":24}},"loc":{"start":{"line":192,"column":26},"end":{"line":200,"column":3}}},"10":{"name":"(anonymous_10)","decl":{"start":{"line":202,"column":21},"end":{"line":202,"column":22}},"loc":{"start":{"line":202,"column":68},"end":{"line":204,"column":3}}},"11":{"name":"(anonymous_11)","decl":{"start":{"line":203,"column":23},"end":{"line":203,"column":24}},"loc":{"start":{"line":203,"column":34},"end":{"line":203,"column":72}}},"12":{"name":"(anonymous_12)","decl":{"start":{"line":206,"column":21},"end":{"line":206,"column":22}},"loc":{"start":{"line":206,"column":39},"end":{"line":208,"column":3}}},"13":{"name":"(anonymous_13)","decl":{"start":{"line":207,"column":26},"end":{"line":207,"column":27}},"loc":{"start":{"line":207,"column":36},"end":{"line":207,"column":47}}},"14":{"name":"(anonymous_14)","decl":{"start":{"line":211,"column":21},"end":{"line":211,"column":24}},"loc":{"start":{"line":211,"column":26},"end":{"line":223,"column":3}}},"15":{"name":"(anonymous_15)","decl":{"start":{"line":226,"column":26},"end":{"line":226,"column":29}},"loc":{"start":{"line":226,"column":31},"end":{"line":257,"column":3}}},"16":{"name":"(anonymous_16)","decl":{"start":{"line":260,"column":21},"end":{"line":260,"column":22}},"loc":{"start":{"line":260,"column":38},"end":{"line":263,"column":3}}},"17":{"name":"(anonymous_17)","decl":{"start":{"line":262,"column":35},"end":{"line":262,"column":36}},"loc":{"start":{"line":262,"column":45},"end":{"line":262,"column":63}}},"18":{"name":"(anonymous_18)","decl":{"start":{"line":266,"column":31},"end":{"line":266,"column":34}},"loc":{"start":{"line":266,"column":36},"end":{"line":311,"column":3}}},"19":{"name":"(anonymous_19)","decl":{"start":{"line":288,"column":10},"end":{"line":288,"column":11}},"loc":{"start":{"line":289,"column":12},"end":{"line":293,"column":62}}}},"branchMap":{"0":{"loc":{"start":{"line":51,"column":4},"end":{"line":51,"column":49}},"type":"if","locations":[{"start":{"line":51,"column":4},"end":{"line":51,"column":49}}]},"1":{"loc":{"start":{"line":67,"column":4},"end":{"line":67,"column":41}},"type":"if","locations":[{"start":{"line":67,"column":4},"end":{"line":67,"column":41}}]},"2":{"loc":{"start":{"line":68,"column":4},"end":{"line":68,"column":38}},"type":"if","locations":[{"start":{"line":68,"column":4},"end":{"line":68,"column":38}}]},"3":{"loc":{"start":{"line":69,"column":4},"end":{"line":69,"column":53}},"type":"if","locations":[{"start":{"line":69,"column":4},"end":{"line":69,"column":53}}]},"4":{"loc":{"start":{"line":70,"column":4},"end":{"line":70,"column":50}},"type":"if","locations":[{"start":{"line":70,"column":4},"end":{"line":70,"column":50}}]},"5":{"loc":{"start":{"line":71,"column":4},"end":{"line":71,"column":44}},"type":"if","locations":[{"start":{"line":71,"column":4},"end":{"line":71,"column":44}}]},"6":{"loc":{"start":{"line":72,"column":4},"end":{"line":72,"column":38}},"type":"if","locations":[{"start":{"line":72,"column":4},"end":{"line":72,"column":38}}]},"7":{"loc":{"start":{"line":73,"column":4},"end":{"line":73,"column":38}},"type":"if","locations":[{"start":{"line":73,"column":4},"end":{"line":73,"column":38}}]},"8":{"loc":{"start":{"line":74,"column":4},"end":{"line":74,"column":53}},"type":"if","locations":[{"start":{"line":74,"column":4},"end":{"line":74,"column":53}}]},"9":{"loc":{"start":{"line":75,"column":4},"end":{"line":75,"column":70}},"type":"if","locations":[{"start":{"line":75,"column":4},"end":{"line":75,"column":70}}]},"10":{"loc":{"start":{"line":76,"column":4},"end":{"line":76,"column":53}},"type":"if","locations":[{"start":{"line":76,"column":4},"end":{"line":76,"column":53}}]},"11":{"loc":{"start":{"line":77,"column":4},"end":{"line":77,"column":74}},"type":"if","locations":[{"start":{"line":77,"column":4},"end":{"line":77,"column":74}}]},"12":{"loc":{"start":{"line":78,"column":4},"end":{"line":78,"column":53}},"type":"if","locations":[{"start":{"line":78,"column":4},"end":{"line":78,"column":53}}]},"13":{"loc":{"start":{"line":79,"column":4},"end":{"line":79,"column":50}},"type":"if","locations":[{"start":{"line":79,"column":4},"end":{"line":79,"column":50}}]},"14":{"loc":{"start":{"line":89,"column":6},"end":{"line":89,"column":45}},"type":"if","locations":[{"start":{"line":89,"column":6},"end":{"line":89,"column":45}}]},"15":{"loc":{"start":{"line":139,"column":4},"end":{"line":139,"column":31}},"type":"if","locations":[{"start":{"line":139,"column":4},"end":{"line":139,"column":31}}]},"16":{"loc":{"start":{"line":151,"column":6},"end":{"line":162,"column":7}},"type":"if","locations":[{"start":{"line":151,"column":6},"end":{"line":162,"column":7}},{"start":{"line":155,"column":13},"end":{"line":162,"column":7}}]},"17":{"loc":{"start":{"line":156,"column":8},"end":{"line":159,"column":9}},"type":"if","locations":[{"start":{"line":156,"column":8},"end":{"line":159,"column":9}}]},"18":{"loc":{"start":{"line":164,"column":6},"end":{"line":174,"column":7}},"type":"if","locations":[{"start":{"line":164,"column":6},"end":{"line":174,"column":7}}]},"19":{"loc":{"start":{"line":177,"column":4},"end":{"line":179,"column":5}},"type":"if","locations":[{"start":{"line":177,"column":4},"end":{"line":179,"column":5}}]},"20":{"loc":{"start":{"line":195,"column":17},"end":{"line":195,"column":59}},"type":"cond-expr","locations":[{"start":{"line":195,"column":40},"end":{"line":195,"column":48}},{"start":{"line":195,"column":51},"end":{"line":195,"column":59}}]},"21":{"loc":{"start":{"line":203,"column":34},"end":{"line":203,"column":72}},"type":"cond-expr","locations":[{"start":{"line":203,"column":47},"end":{"line":203,"column":69}},{"start":{"line":203,"column":71},"end":{"line":203,"column":72}}]},"22":{"loc":{"start":{"line":227,"column":4},"end":{"line":256,"column":5}},"type":"if","locations":[{"start":{"line":227,"column":4},"end":{"line":256,"column":5}},{"start":{"line":236,"column":11},"end":{"line":256,"column":5}}]},"23":{"loc":{"start":{"line":261,"column":4},"end":{"line":261,"column":25}},"type":"if","locations":[{"start":{"line":261,"column":4},"end":{"line":261,"column":25}}]},"24":{"loc":{"start":{"line":267,"column":4},"end":{"line":310,"column":5}},"type":"if","locations":[{"start":{"line":267,"column":4},"end":{"line":310,"column":5}},{"start":{"line":285,"column":11},"end":{"line":310,"column":5}}]},"25":{"loc":{"start":{"line":268,"column":16},"end":{"line":268,"column":37}},"type":"binary-expr","locations":[{"start":{"line":268,"column":16},"end":{"line":268,"column":21}},{"start":{"line":268,"column":25},"end":{"line":268,"column":37}}]},"26":{"loc":{"start":{"line":270,"column":2},"end":{"line":270,"column":31}},"type":"binary-expr","locations":[{"start":{"line":270,"column":2},"end":{"line":270,"column":6}},{"start":{"line":270,"column":10},"end":{"line":270,"column":31}}]},"27":{"loc":{"start":{"line":273,"column":2},"end":{"line":273,"column":17}},"type":"binary-expr","locations":[{"start":{"line":273,"column":2},"end":{"line":273,"column":8}},{"start":{"line":273,"column":12},"end":{"line":273,"column":17}}]},"28":{"loc":{"start":{"line":275,"column":8},"end":{"line":275,"column":19}},"type":"binary-expr","locations":[{"start":{"line":275,"column":8},"end":{"line":275,"column":12}},{"start":{"line":275,"column":16},"end":{"line":275,"column":19}}]},"29":{"loc":{"start":{"line":276,"column":13},"end":{"line":276,"column":29}},"type":"binary-expr","locations":[{"start":{"line":276,"column":13},"end":{"line":276,"column":22}},{"start":{"line":276,"column":26},"end":{"line":276,"column":29}}]},"30":{"loc":{"start":{"line":279,"column":2},"end":{"line":279,"column":15}},"type":"binary-expr","locations":[{"start":{"line":279,"column":2},"end":{"line":279,"column":6}},{"start":{"line":279,"column":10},"end":{"line":279,"column":15}}]},"31":{"loc":{"start":{"line":282,"column":2},"end":{"line":282,"column":31}},"type":"binary-expr","locations":[{"start":{"line":282,"column":2},"end":{"line":282,"column":11}},{"start":{"line":282,"column":15},"end":{"line":282,"column":31}}]},"32":{"loc":{"start":{"line":283,"column":2},"end":{"line":283,"column":31}},"type":"cond-expr","locations":[{"start":{"line":283,"column":13},"end":{"line":283,"column":26}},{"start":{"line":283,"column":29},"end":{"line":283,"column":31}}]},"33":{"loc":{"start":{"line":290,"column":14},"end":{"line":290,"column":null}},"type":"cond-expr","locations":[{"start":{"line":290,"column":39},"end":{"line":290,"column":49}},{"start":{"line":290,"column":52},"end":{"line":290,"column":null}}]},"34":{"loc":{"start":{"line":292,"column":14},"end":{"line":292,"column":null}},"type":"cond-expr","locations":[{"start":{"line":292,"column":41},"end":{"line":292,"column":51}},{"start":{"line":292,"column":54},"end":{"line":292,"column":null}}]},"35":{"loc":{"start":{"line":293,"column":30},"end":{"line":293,"column":60}},"type":"cond-expr","locations":[{"start":{"line":293,"column":40},"end":{"line":293,"column":55}},{"start":{"line":293,"column":58},"end":{"line":293,"column":60}}]},"36":{"loc":{"start":{"line":297,"column":16},"end":{"line":297,"column":41}},"type":"binary-expr","locations":[{"start":{"line":297,"column":16},"end":{"line":297,"column":21}},{"start":{"line":297,"column":25},"end":{"line":297,"column":41}}]},"37":{"loc":{"start":{"line":299,"column":2},"end":{"line":299,"column":33}},"type":"binary-expr","locations":[{"start":{"line":299,"column":2},"end":{"line":299,"column":6}},{"start":{"line":299,"column":10},"end":{"line":299,"column":33}}]},"38":{"loc":{"start":{"line":301,"column":8},"end":{"line":301,"column":27}},"type":"binary-expr","locations":[{"start":{"line":301,"column":8},"end":{"line":301,"column":15}},{"start":{"line":301,"column":19},"end":{"line":301,"column":27}}]},"39":{"loc":{"start":{"line":304,"column":2},"end":{"line":304,"column":29}},"type":"binary-expr","locations":[{"start":{"line":304,"column":2},"end":{"line":304,"column":11}},{"start":{"line":304,"column":15},"end":{"line":304,"column":29}}]},"40":{"loc":{"start":{"line":307,"column":2},"end":{"line":307,"column":31}},"type":"binary-expr","locations":[{"start":{"line":307,"column":2},"end":{"line":307,"column":11}},{"start":{"line":307,"column":15},"end":{"line":307,"column":31}}]},"41":{"loc":{"start":{"line":308,"column":2},"end":{"line":308,"column":31}},"type":"cond-expr","locations":[{"start":{"line":308,"column":13},"end":{"line":308,"column":26}},{"start":{"line":308,"column":29},"end":{"line":308,"column":31}}]}},"s":{"0":2,"1":2,"2":225,"3":225,"4":225,"5":225,"6":225,"7":225,"8":225,"9":225,"10":225,"11":225,"12":225,"13":225,"14":225,"15":225,"16":225,"17":225,"18":225,"19":225,"20":225,"21":5,"22":5,"23":2,"24":5,"25":5,"26":5,"27":5,"28":5,"29":5,"30":5,"31":5,"32":5,"33":5,"34":5,"35":5,"36":5,"37":5,"38":2,"39":5,"40":2,"41":5,"42":0,"43":5,"44":0,"45":5,"46":2,"47":5,"48":0,"49":5,"50":0,"51":5,"52":0,"53":5,"54":2,"55":5,"56":2,"57":5,"58":2,"59":5,"60":2,"61":5,"62":2,"63":225,"64":177,"65":177,"66":0,"67":177,"68":121,"69":225,"70":177,"71":121,"72":121,"73":121,"74":121,"75":121,"76":121,"77":121,"78":121,"79":121,"80":121,"81":121,"82":121,"83":121,"84":121,"85":177,"86":177,"87":225,"88":225,"89":225,"90":225,"91":225,"92":50,"93":6,"94":44,"95":44,"96":44,"97":44,"98":44,"99":44,"100":44,"101":44,"102":44,"103":0,"104":0,"105":0,"106":44,"107":0,"108":0,"109":44,"110":44,"111":44,"112":0,"113":0,"114":0,"115":0,"116":0,"117":0,"118":0,"119":44,"120":44,"121":44,"122":225,"123":50,"124":50,"125":50,"126":225,"127":0,"128":0,"129":225,"130":0,"131":0,"132":225,"133":0,"134":0,"135":225,"136":1,"137":1,"138":1,"139":1,"140":1,"141":1,"142":1,"143":1,"144":1,"145":1,"146":1,"147":225,"148":0,"149":0,"150":0,"151":0,"152":0,"153":0,"154":0,"155":0,"156":0,"157":0,"158":0,"159":0,"160":0,"161":0,"162":0,"163":225,"164":438,"165":246,"166":192,"167":358,"168":225,"169":0,"170":0,"171":0,"172":0,"173":0,"174":225},"f":{"0":225,"1":5,"2":177,"3":177,"4":121,"5":177,"6":121,"7":50,"8":50,"9":0,"10":0,"11":0,"12":0,"13":0,"14":1,"15":0,"16":438,"17":358,"18":0,"19":0},"b":{"0":[2],"1":[2],"2":[2],"3":[0],"4":[0],"5":[2],"6":[0],"7":[0],"8":[0],"9":[2],"10":[2],"11":[2],"12":[2],"13":[2],"14":[0],"15":[6],"16":[0,44],"17":[0],"18":[0],"19":[44],"20":[0,0],"21":[0,0],"22":[0,0],"23":[246],"24":[0,0],"25":[0,0],"26":[0,0],"27":[0,0],"28":[0,0],"29":[0,0],"30":[0,0],"31":[0,0],"32":[0,0],"33":[0,0],"34":[0,0],"35":[0,0],"36":[0,0],"37":[0,0],"38":[0,0],"39":[0,0],"40":[0,0],"41":[0,0]}}
,"/Users/randy/Documents/dev/USN/USN_Log/src/test-utils/localStorage-utils.ts": {"path":"/Users/randy/Documents/dev/USN/USN_Log/src/test-utils/localStorage-utils.ts","statementMap":{"0":{"start":{"line":2,"column":25},"end":{"line":17,"column":4}},"1":{"start":{"line":3,"column":41},"end":{"line":3,"column":43}},"2":{"start":{"line":5,"column":2},"end":{"line":16,"column":4}},"3":{"start":{"line":6,"column":30},"end":{"line":6,"column":48}},"4":{"start":{"line":8,"column":6},"end":{"line":8,"column":36}},"5":{"start":{"line":11,"column":6},"end":{"line":11,"column":17}},"6":{"start":{"line":14,"column":6},"end":{"line":14,"column":24}},"7":{"start":{"line":19,"column":37},"end":{"line":24,"column":1}},"8":{"start":{"line":20,"column":2},"end":{"line":23,"column":5}},"9":{"start":{"line":19,"column":13},"end":{"line":19,"column":37}},"10":{"start":{"line":26,"column":33},"end":{"line":28,"column":1}},"11":{"start":{"line":27,"column":2},"end":{"line":27,"column":30}},"12":{"start":{"line":26,"column":13},"end":{"line":26,"column":33}},"13":{"start":{"line":30,"column":35},"end":{"line":32,"column":1}},"14":{"start":{"line":31,"column":2},"end":{"line":31,"column":58}},"15":{"start":{"line":30,"column":13},"end":{"line":30,"column":35}},"16":{"start":{"line":34,"column":35},"end":{"line":37,"column":1}},"17":{"start":{"line":35,"column":15},"end":{"line":35,"column":47}},"18":{"start":{"line":36,"column":2},"end":{"line":36,"column":40}},"19":{"start":{"line":34,"column":13},"end":{"line":34,"column":35}}},"fnMap":{"0":{"name":"(anonymous_0)","decl":{"start":{"line":2,"column":26},"end":{"line":2,"column":29}},"loc":{"start":{"line":2,"column":31},"end":{"line":17,"column":1}}},"1":{"name":"(anonymous_1)","decl":{"start":{"line":6,"column":13},"end":{"line":6,"column":14}},"loc":{"start":{"line":6,"column":30},"end":{"line":6,"column":48}}},"2":{"name":"(anonymous_2)","decl":{"start":{"line":7,"column":13},"end":{"line":7,"column":14}},"loc":{"start":{"line":7,"column":44},"end":{"line":9,"column":5}}},"3":{"name":"(anonymous_3)","decl":{"start":{"line":10,"column":11},"end":{"line":10,"column":14}},"loc":{"start":{"line":10,"column":16},"end":{"line":12,"column":5}}},"4":{"name":"(anonymous_4)","decl":{"start":{"line":13,"column":16},"end":{"line":13,"column":17}},"loc":{"start":{"line":13,"column":32},"end":{"line":15,"column":5}}},"5":{"name":"(anonymous_5)","decl":{"start":{"line":19,"column":37},"end":{"line":19,"column":40}},"loc":{"start":{"line":19,"column":42},"end":{"line":24,"column":1}}},"6":{"name":"(anonymous_6)","decl":{"start":{"line":26,"column":33},"end":{"line":26,"column":36}},"loc":{"start":{"line":26,"column":38},"end":{"line":28,"column":1}}},"7":{"name":"(anonymous_7)","decl":{"start":{"line":30,"column":35},"end":{"line":30,"column":36}},"loc":{"start":{"line":30,"column":67},"end":{"line":32,"column":1}}},"8":{"name":"(anonymous_8)","decl":{"start":{"line":34,"column":35},"end":{"line":34,"column":36}},"loc":{"start":{"line":34,"column":51},"end":{"line":37,"column":1}}}},"branchMap":{"0":{"loc":{"start":{"line":6,"column":30},"end":{"line":6,"column":48}},"type":"binary-expr","locations":[{"start":{"line":6,"column":30},"end":{"line":6,"column":40}},{"start":{"line":6,"column":44},"end":{"line":6,"column":48}}]},"1":{"loc":{"start":{"line":36,"column":9},"end":{"line":36,"column":39}},"type":"cond-expr","locations":[{"start":{"line":36,"column":16},"end":{"line":36,"column":32}},{"start":{"line":36,"column":35},"end":{"line":36,"column":39}}]}},"s":{"0":0,"1":0,"2":0,"3":0,"4":0,"5":0,"6":0,"7":0,"8":0,"9":0,"10":0,"11":0,"12":0,"13":0,"14":0,"15":0,"16":0,"17":0,"18":0,"19":0},"f":{"0":0,"1":0,"2":0,"3":0,"4":0,"5":0,"6":0,"7":0,"8":0},"b":{"0":[0,0],"1":[0,0]}}
,"/Users/randy/Documents/dev/USN/USN_Log/src/test-utils/setupTests.ts": {"path":"/Users/randy/Documents/dev/USN/USN_Log/src/test-utils/setupTests.ts","statementMap":{"0":{"start":{"line":1,"column":0},"end":{"line":1,"column":80}},"1":{"start":{"line":4,"column":0},"end":{"line":7,"column":3}},"2":{"start":{"line":6,"column":2},"end":{"line":6,"column":26}},"3":{"start":{"line":10,"column":0},"end":{"line":13,"column":3}},"4":{"start":{"line":12,"column":2},"end":{"line":12,"column":22}},"5":{"start":{"line":16,"column":0},"end":{"line":19,"column":3}},"6":{"start":{"line":18,"column":2},"end":{"line":18,"column":23}}},"fnMap":{"0":{"name":"(anonymous_0)","decl":{"start":{"line":4,"column":10},"end":{"line":4,"column":13}},"loc":{"start":{"line":4,"column":15},"end":{"line":7,"column":1}}},"1":{"name":"(anonymous_1)","decl":{"start":{"line":10,"column":11},"end":{"line":10,"column":14}},"loc":{"start":{"line":10,"column":16},"end":{"line":13,"column":1}}},"2":{"name":"(anonymous_2)","decl":{"start":{"line":16,"column":10},"end":{"line":16,"column":13}},"loc":{"start":{"line":16,"column":15},"end":{"line":19,"column":1}}}},"branchMap":{},"s":{"0":0,"1":0,"2":0,"3":0,"4":0,"5":0,"6":0},"f":{"0":0,"1":0,"2":0},"b":{}}
,"/Users/randy/Documents/dev/USN/USN_Log/src/test-utils/test-utils.tsx": {"path":"/Users/randy/Documents/dev/USN/USN_Log/src/test-utils/test-utils.tsx","statementMap":{"0":{"start":{"line":2,"column":0},"end":{"line":2,"column":63}},"1":{"start":{"line":3,"column":0},"end":{"line":3,"column":52}},"2":{"start":{"line":4,"column":0},"end":{"line":4,"column":52}},"3":{"start":{"line":7,"column":24},"end":{"line":9,"column":1}},"4":{"start":{"line":8,"column":2},"end":{"line":8,"column":47}},"5":{"start":{"line":11,"column":21},"end":{"line":19,"column":1}},"6":{"start":{"line":15,"column":2},"end":{"line":17,"column":null}},"7":{"start":{"line":25,"column":25},"end":{"line":25,"column":31}},"8":{"start":{"line":22,"column":0},"end":{"line":22,"column":39}}},"fnMap":{"0":{"name":"(anonymous_5)","decl":{"start":{"line":7,"column":24},"end":{"line":7,"column":25}},"loc":{"start":{"line":7,"column":72},"end":{"line":9,"column":1}}},"1":{"name":"(anonymous_6)","decl":{"start":{"line":11,"column":21},"end":{"line":11,"column":null}},"loc":{"start":{"line":14,"column":4},"end":{"line":19,"column":1}}}},"branchMap":{},"s":{"0":2,"1":2,"2":2,"3":2,"4":4,"5":2,"6":4,"7":2,"8":2},"f":{"0":4,"1":4},"b":{}}
}
