TN:
SF:src/App.tsx
FN:9,App
FNF:1
FNH:1
FNDA:1,App
DA:2,1
DA:3,1
DA:4,1
DA:5,1
DA:6,1
DA:7,1
DA:10,1
DA:29,1
LF:8
LH:8
BRF:0
BRH:0
end_of_record
TN:
SF:src/components/CopyModal.tsx
FN:4,(anonymous_0)
FN:12,(anonymous_1)
FNF:2
FNH:1
FNDA:2,(anonymous_0)
FNDA:0,(anonymous_1)
DA:2,1
DA:4,1
DA:10,2
DA:12,2
DA:14,2
DA:16,0
LF:6
LH:5
BRDA:14,0,0,2
BRF:1
BRH:1
end_of_record
TN:
SF:src/components/Editor.tsx
FN:6,(anonymous_0)
FN:48,(anonymous_1)
FN:66,(anonymous_2)
FN:80,(anonymous_3)
FN:90,(anonymous_4)
FN:104,(anonymous_5)
FN:116,(anonymous_6)
FN:130,(anonymous_7)
FN:143,(anonymous_8)
FN:158,(anonymous_9)
FN:170,(anonymous_10)
FN:177,(anonymous_11)
FN:190,(anonymous_12)
FN:202,(anonymous_13)
FN:216,(anonymous_14)
FN:221,(anonymous_15)
FN:242,(anonymous_16)
FN:252,(anonymous_17)
FN:284,(anonymous_18)
FNF:19
FNH:10
FNDA:223,(anonymous_0)
FNDA:0,(anonymous_1)
FNDA:1,(anonymous_2)
FNDA:29,(anonymous_3)
FNDA:42,(anonymous_4)
FNDA:37,(anonymous_5)
FNDA:28,(anonymous_6)
FNDA:4,(anonymous_7)
FNDA:2,(anonymous_8)
FNDA:0,(anonymous_9)
FNDA:0,(anonymous_10)
FNDA:0,(anonymous_11)
FNDA:0,(anonymous_12)
FNDA:0,(anonymous_13)
FNDA:0,(anonymous_14)
FNDA:0,(anonymous_15)
FNDA:14,(anonymous_16)
FNDA:12,(anonymous_17)
FNDA:0,(anonymous_18)
DA:2,2
DA:3,2
DA:6,2
DA:38,223
DA:40,223
DA:48,0
DA:66,1
DA:80,29
DA:90,42
DA:104,37
DA:116,28
DA:130,4
DA:143,2
DA:159,0
DA:171,0
DA:178,0
DA:191,0
DA:203,0
DA:217,0
DA:221,0
DA:242,14
DA:252,12
DA:284,0
LF:23
LH:14
BRDA:96,0,0,223
BRDA:96,0,1,0
BRF:2
BRH:1
end_of_record
TN:
SF:src/components/Header.tsx
FN:4,(anonymous_0)
FN:6,(anonymous_1)
FNF:2
FNH:1
FNDA:2,(anonymous_0)
FNDA:0,(anonymous_1)
DA:2,1
DA:4,1
DA:5,2
DA:6,2
DA:8,2
LF:5
LH:5
BRF:0
BRH:0
end_of_record
TN:
SF:src/components/LogPreview.tsx
FN:4,(anonymous_0)
FN:31,(anonymous_1)
FN:95,(anonymous_2)
FN:115,(anonymous_3)
FN:182,(anonymous_4)
FN:235,(anonymous_5)
FN:238,(anonymous_6)
FN:251,(anonymous_7)
FNF:8
FNH:5
FNDA:223,(anonymous_0)
FNDA:219,(anonymous_1)
FNDA:249,(anonymous_2)
FNDA:107,(anonymous_3)
FNDA:0,(anonymous_4)
FNDA:0,(anonymous_5)
FNDA:0,(anonymous_6)
FNDA:219,(anonymous_7)
DA:2,2
DA:4,2
DA:22,223
DA:24,223
DA:31,223
DA:32,219
DA:33,219
DA:35,219
DA:96,249
DA:116,107
DA:183,0
DA:231,223
DA:236,0
DA:238,0
DA:252,219
LF:15
LH:12
BRDA:32,0,0,219
BRDA:32,0,1,0
BRDA:38,1,0,219
BRDA:38,1,1,0
BRDA:69,2,0,219
BRDA:69,2,1,4
BRDA:75,3,0,219
BRDA:75,3,1,25
BRDA:79,4,0,219
BRDA:79,4,1,219
BRDA:79,4,2,219
BRDA:135,5,0,219
BRDA:135,5,1,187
BRDA:146,6,0,219
BRDA:146,6,1,191
BRDA:158,7,0,219
BRDA:158,7,1,205
BRDA:159,8,0,219
BRDA:159,8,1,26
BRDA:167,9,0,219
BRDA:167,9,1,219
BRDA:167,9,2,0
BRDA:174,10,0,0
BRDA:174,10,1,0
BRDA:179,11,0,0
BRDA:179,11,1,0
BRDA:201,12,0,0
BRDA:201,12,1,0
BRDA:218,13,0,0
BRDA:218,13,1,0
BRDA:219,14,0,0
BRDA:219,14,1,0
BRDA:233,15,0,223
BRDA:233,15,1,0
BRDA:240,16,0,0
BRDA:240,16,1,0
BRF:36
BRH:20
end_of_record
TN:
SF:src/components/SettingsModal.tsx
FN:4,(anonymous_0)
FN:15,(anonymous_1)
FN:28,(anonymous_2)
FN:42,(anonymous_3)
FNF:4
FNH:1
FNDA:2,(anonymous_0)
FNDA:0,(anonymous_1)
FNDA:0,(anonymous_2)
FNDA:0,(anonymous_3)
DA:2,1
DA:4,1
DA:13,2
DA:15,2
DA:17,2
DA:19,0
DA:28,0
DA:42,0
LF:8
LH:5
BRDA:17,0,0,2
BRF:1
BRH:1
end_of_record
TN:
SF:src/context/LogContext.tsx
FN:75,(anonymous_0)
FN:97,(anonymous_1)
FNF:2
FNH:2
FNDA:225,(anonymous_0)
FNDA:452,(anonymous_1)
DA:1,2
DA:2,2
DA:3,2
DA:73,2
DA:75,2
DA:78,225
DA:79,225
DA:87,225
DA:94,225
DA:97,2
DA:98,452
DA:99,452
DA:100,0
DA:102,452
LF:14
LH:13
BRDA:99,0,0,0
BRF:1
BRH:0
end_of_record
TN:
SF:src/hooks/useExport.ts
FN:12,(anonymous_8)
FN:19,(anonymous_9)
FN:24,(anonymous_10)
FN:24,(anonymous_11)
FN:29,(anonymous_12)
FN:55,(anonymous_13)
FN:55,(anonymous_14)
FN:60,(anonymous_15)
FN:65,(anonymous_16)
FN:80,(anonymous_17)
FNF:10
FNH:1
FNDA:225,(anonymous_8)
FNDA:0,(anonymous_9)
FNDA:0,(anonymous_10)
FNDA:0,(anonymous_11)
FNDA:0,(anonymous_12)
FNDA:0,(anonymous_13)
FNDA:0,(anonymous_14)
FNDA:0,(anonymous_15)
FNDA:0,(anonymous_16)
FNDA:0,(anonymous_17)
DA:1,2
DA:2,2
DA:12,2
DA:19,225
DA:20,0
DA:21,0
DA:24,225
DA:25,0
DA:27,0
DA:28,0
DA:29,0
DA:30,0
DA:31,0
DA:33,0
DA:34,0
DA:49,0
DA:52,0
DA:55,225
DA:56,0
DA:58,0
DA:59,0
DA:60,0
DA:61,0
DA:62,0
DA:64,0
DA:65,0
DA:66,0
DA:67,0
DA:68,0
DA:69,0
DA:70,0
DA:71,0
DA:72,0
DA:77,0
DA:80,225
DA:81,0
DA:82,0
DA:85,225
LF:38
LH:8
BRDA:19,0,0,0
BRDA:20,1,0,0
BRDA:20,1,1,0
BRDA:31,2,0,0
BRDA:62,3,0,0
BRDA:66,4,0,0
BRF:6
BRH:0
end_of_record
TN:
SF:src/hooks/useLogState.ts
FN:13,useLogState
FN:49,(anonymous_1)
FN:83,(anonymous_2)
FN:88,(anonymous_3)
FN:90,(anonymous_4)
FN:95,(anonymous_5)
FN:96,(anonymous_6)
FN:138,splitTextIntoPages
FN:185,(anonymous_8)
FN:192,(anonymous_9)
FN:202,(anonymous_10)
FN:203,(anonymous_11)
FN:206,(anonymous_12)
FN:207,(anonymous_13)
FN:211,(anonymous_14)
FN:226,(anonymous_15)
FN:260,(anonymous_16)
FN:262,(anonymous_17)
FN:266,(anonymous_18)
FN:288,(anonymous_19)
FNF:20
FNH:12
FNDA:225,useLogState
FNDA:5,(anonymous_1)
FNDA:177,(anonymous_2)
FNDA:177,(anonymous_3)
FNDA:121,(anonymous_4)
FNDA:177,(anonymous_5)
FNDA:121,(anonymous_6)
FNDA:50,splitTextIntoPages
FNDA:50,(anonymous_8)
FNDA:0,(anonymous_9)
FNDA:0,(anonymous_10)
FNDA:0,(anonymous_11)
FNDA:0,(anonymous_12)
FNDA:0,(anonymous_13)
FNDA:1,(anonymous_14)
FNDA:0,(anonymous_15)
FNDA:438,(anonymous_16)
FNDA:358,(anonymous_17)
FNDA:0,(anonymous_18)
FNDA:0,(anonymous_19)
DA:1,2
DA:13,2
DA:15,225
DA:16,225
DA:17,225
DA:18,225
DA:19,225
DA:20,225
DA:23,225
DA:24,225
DA:25,225
DA:26,225
DA:29,225
DA:30,225
DA:33,225
DA:34,225
DA:37,225
DA:38,225
DA:41,225
DA:44,225
DA:49,225
DA:50,5
DA:51,5
DA:53,5
DA:54,5
DA:55,5
DA:56,5
DA:57,5
DA:58,5
DA:59,5
DA:60,5
DA:61,5
DA:62,5
DA:63,5
DA:64,5
DA:65,5
DA:67,5
DA:68,5
DA:69,5
DA:70,5
DA:71,5
DA:72,5
DA:73,5
DA:74,5
DA:75,5
DA:76,5
DA:77,5
DA:78,5
DA:79,5
DA:83,225
DA:88,177
DA:89,177
DA:90,177
DA:95,225
DA:96,177
DA:97,121
DA:98,121
DA:99,121
DA:100,121
DA:101,121
DA:102,121
DA:103,121
DA:104,121
DA:105,121
DA:106,121
DA:107,121
DA:108,121
DA:109,121
DA:110,121
DA:112,177
DA:113,177
DA:132,225
DA:133,225
DA:134,225
DA:135,225
DA:136,225
DA:139,50
DA:141,44
DA:142,44
DA:143,44
DA:144,44
DA:146,44
DA:147,44
DA:148,44
DA:149,44
DA:151,44
DA:152,0
DA:153,0
DA:154,0
DA:156,44
DA:157,0
DA:158,0
DA:160,44
DA:161,44
DA:164,44
DA:165,0
DA:166,0
DA:167,0
DA:168,0
DA:169,0
DA:171,0
DA:172,0
DA:177,44
DA:178,44
DA:181,44
DA:185,225
DA:186,50
DA:187,50
DA:188,50
DA:192,225
DA:193,0
DA:199,0
DA:202,225
DA:203,0
DA:206,225
DA:207,0
DA:211,225
DA:212,1
DA:213,1
DA:214,1
DA:215,1
DA:216,1
DA:217,1
DA:218,1
DA:219,1
DA:220,1
DA:221,1
DA:222,1
DA:226,225
DA:227,0
DA:228,0
DA:229,0
DA:230,0
DA:231,0
DA:232,0
DA:233,0
DA:234,0
DA:235,0
DA:237,0
DA:238,0
DA:239,0
DA:240,0
DA:241,0
DA:255,0
DA:260,225
DA:261,438
DA:262,358
DA:266,225
DA:267,0
DA:268,0
DA:286,0
DA:289,0
DA:297,0
DA:313,225
LF:154
LH:118
BRDA:51,0,0,2
BRDA:67,1,0,2
BRDA:68,2,0,2
BRDA:69,3,0,0
BRDA:70,4,0,0
BRDA:71,5,0,2
BRDA:72,6,0,0
BRDA:73,7,0,0
BRDA:74,8,0,0
BRDA:75,9,0,2
BRDA:76,10,0,2
BRDA:77,11,0,2
BRDA:78,12,0,2
BRDA:79,13,0,2
BRDA:89,14,0,0
BRDA:139,15,0,6
BRDA:151,16,0,0
BRDA:151,16,1,44
BRDA:156,17,0,0
BRDA:164,18,0,0
BRDA:177,19,0,44
BRDA:195,20,0,0
BRDA:195,20,1,0
BRDA:203,21,0,0
BRDA:203,21,1,0
BRDA:227,22,0,0
BRDA:227,22,1,0
BRDA:261,23,0,246
BRDA:267,24,0,0
BRDA:267,24,1,0
BRDA:268,25,0,0
BRDA:268,25,1,0
BRDA:270,26,0,0
BRDA:270,26,1,0
BRDA:273,27,0,0
BRDA:273,27,1,0
BRDA:275,28,0,0
BRDA:275,28,1,0
BRDA:276,29,0,0
BRDA:276,29,1,0
BRDA:279,30,0,0
BRDA:279,30,1,0
BRDA:282,31,0,0
BRDA:282,31,1,0
BRDA:283,32,0,0
BRDA:283,32,1,0
BRDA:290,33,0,0
BRDA:290,33,1,0
BRDA:292,34,0,0
BRDA:292,34,1,0
BRDA:293,35,0,0
BRDA:293,35,1,0
BRDA:297,36,0,0
BRDA:297,36,1,0
BRDA:299,37,0,0
BRDA:299,37,1,0
BRDA:301,38,0,0
BRDA:301,38,1,0
BRDA:304,39,0,0
BRDA:304,39,1,0
BRDA:307,40,0,0
BRDA:307,40,1,0
BRDA:308,41,0,0
BRDA:308,41,1,0
BRF:64
BRH:13
end_of_record
